#
# A fatal error has been detected by the Java Runtime Environment:
#
#  SIGSEGV (0xb) at pc=0x00007fd2093b4997, pid=26760, tid=0x00007fd1c818f700
#
# JRE version: Java(TM) SE Runtime Environment (8.0_191-b12) (build 1.8.0_191-b12)
# Java VM: Java HotSpot(TM) 64-Bit Server VM (25.191-b12 mixed mode linux-amd64 compressed oops)
# Problematic frame:
# V  [libjvm.so+0x6cc997]  jni_invoke_nonstatic(JNIEnv_*, JavaValue*, _jobject*, JNICallType, _jmethodID*, JNI_ArgumentPusher*, Thread*) [clone .constprop.109]+0x27
#
# Failed to write core dump. Core dumps have been disabled. To enable core dumping, try "ulimit -c unlimited" before starting Java again
#
# If you would like to submit a bug report, please visit:
#   http://bugreport.java.com/bugreport/crash.jsp
#

---------------  T H R E A D  ---------------

Current thread (0x00007fd204295800):  JavaThread "JavaFX Application Thread" [_thread_in_vm, id=26788, stack(0x00007fd1c808f000,0x00007fd1c8190000)]

siginfo: si_signo: 11 (SIGSEGV), si_code: 1 (SEGV_MAPERR), si_addr: 0xffffffffffffffff

Registers:
RAX=0x00007fd1c818e4b0, RBX=0x00007fd204295800, RCX=0x00007fd2041e93d8, RDX=0xffffffffffffffff
RSP=0x00007fd1c818e250, RBP=0x00007fd1c818e3c0, RSI=0x00007fd1c818e3e0, RDI=0x00007fd2042959f8
R8 =0x00007fd1c818e410, R9 =0x00007fd204295800, R10=0x00007fd198000ab0, R11=0x00007fd1f535b620
R12=0x00007fd1c818e410, R13=0x00007fd2042959f8, R14=0x00007fd2041e93d8, R15=0x00007fd204295800
RIP=0x00007fd2093b4997, EFLAGS=0x0000000000010286, CSGSFS=0x0000000000000033, ERR=0x0000000000000005
  TRAPNO=0x000000000000000e

Top of Stack: (sp=0x00007fd1c818e250)
0x00007fd1c818e250:   00007fd1c818e350 00007fd1c818e310
0x00007fd1c818e260:   00007fd1c818e280 00007fd2042959f8
0x00007fd1c818e270:   00007fd1c818e2a0 00007fd204294d98
0x00007fd1c818e280:   00007fd1ee000fa0 00007fd204295800
0x00007fd1c818e290:   00007fd1ee000fa0 00007fd204295800
0x00007fd1c818e2a0:   00007fd204294d00 00007fd1bc011280
0x00007fd1c818e2b0:   00007fd1bc011290 00007fd1bc011668
0x00007fd1c818e2c0:   00000000000003d8 00000000000000d8
0x00007fd1c818e2d0:   00007fd1ee000fa0 00007fd204295800
0x00007fd1c818e2e0:   0000000004295800 00007fd198000a30
0x00007fd1c818e2f0:   0000000000000000 00000000eec10128
0x00007fd1c818e300:   00007fd1ee000fa0 00007fd204295800
0x00007fd1c818e310:   00007fd1c818e920 00000000eec101b8
0x00007fd1c818e320:   00007fd10000006f 00007fd10000000a
0x00007fd1c818e330:   00000000ed66f6d0 00007fd100000000
0x00007fd1c818e340:   00007fd1c818e3a0 00007fd1c818e3e0
0x00007fd1c818e350:   00007fd1c818e4d0 00000001000001a3
0x00007fd1c818e360:   0000000000000172 00007fd1c818e318
0x00007fd1c818e370:   00007fd1c818e359 0000000800000005
0x00007fd1c818e380:   0000000000000000 00007fd204294d98
0x00007fd1c818e390:   00007fd1edff6d78 00007fd204295800
0x00007fd1c818e3a0:   00007fd1c818e410 00007fd2042959f8
0x00007fd1c818e3b0:   00007fd2041e93d8 00007fd1c818e498
0x00007fd1c818e3c0:   00007fd1c818e480 00007fd2093b6d8a
0x00007fd1c818e3d0:   00000000000003d8 ffffffffffffffff
0x00007fd1c818e3e0:   00007fd10000000e 00007fd100000000
0x00007fd1c818e3f0:   00007fd204295800 0000000000000000
0x00007fd1c818e400:   000000000000000b 00007fd1c818e518
0x00007fd1c818e410:   00007fd209bd6de8 00007fd20a745560
0x00007fd1c818e420:   000000000422e5a0 0000000000000063
0x00007fd1c818e430:   0000000000000000 0000003000000018
0x00007fd1c818e440:   00007fd1c818e570 00007fd1c818e4b0 

Instructions: (pc=0x00007fd2093b4997)
0x00007fd2093b4977:   56 41 55 41 54 4d 89 cf 53 48 81 ec 48 01 00 00
0x00007fd2093b4987:   48 85 d2 48 89 bd a8 fe ff ff 0f 84 11 02 00 00
0x00007fd2093b4997:   48 8b 12 48 85 d2 0f 84 05 02 00 00 48 8d bd b8
0x00007fd2093b49a7:   fe ff ff 48 89 cb 49 89 f5 4c 89 ce 4d 89 c4 e8 

Register to memory mapping:

RAX=0x00007fd1c818e4b0 is pointing into the stack for thread: 0x00007fd204295800
RBX=0x00007fd204295800 is a thread
RCX=0x00007fd2041e93d8 is an unknown value
RDX=0xffffffffffffffff is an unknown value
RSP=0x00007fd1c818e250 is pointing into the stack for thread: 0x00007fd204295800
RBP=0x00007fd1c818e3c0 is pointing into the stack for thread: 0x00007fd204295800
RSI=0x00007fd1c818e3e0 is pointing into the stack for thread: 0x00007fd204295800
RDI=0x00007fd2042959f8 is an unknown value
R8 =0x00007fd1c818e410 is pointing into the stack for thread: 0x00007fd204295800
R9 =0x00007fd204295800 is a thread
R10=0x00007fd198000ab0 is an unknown value
R11=0x00007fd1f535b620 is at entry_point+32 in (nmethod*)0x00007fd1f535b490
R12=0x00007fd1c818e410 is pointing into the stack for thread: 0x00007fd204295800
R13=0x00007fd2042959f8 is an unknown value
R14=0x00007fd2041e93d8 is an unknown value
R15=0x00007fd204295800 is a thread


Stack: [0x00007fd1c808f000,0x00007fd1c8190000],  sp=0x00007fd1c818e250,  free space=1020k
Native frames: (J=compiled Java code, j=interpreted, Vv=VM code, C=native code)
V  [libjvm.so+0x6cc997]  jni_invoke_nonstatic(JNIEnv_*, JavaValue*, _jobject*, JNICallType, _jmethodID*, JNI_ArgumentPusher*, Thread*) [clone .constprop.109]+0x27
V  [libjvm.so+0x6ced8a]  jni_CallVoidMethodV+0xea
C  [libglass.so+0x1b121]  JNIEnv_::CallVoidMethod(_jobject*, _jmethodID*, ...)+0x81
C  [libglass.so+0x236bf]  WindowContextBase::process_key(_GdkEventKey*)+0x1ef
C  [libglass.so+0x21820]  WindowContextBase::im_filter_keypress(_GdkEventKey*)+0x1d0
C  [libglass.so+0x274cc]  process_events(_GdkEvent*, void*)+0x21c
C  [libgdk-x11-2.0.so.0+0x60a0c]

Java frames: (J=compiled Java code, j=interpreted, Vv=VM code)
j  com.sun.glass.ui.gtk.GtkApplication._runLoop(Ljava/lang/Runnable;Z)V+0
j  com.sun.glass.ui.gtk.GtkApplication.lambda$null$48(Ljava/lang/Runnable;Z)V+7
j  com.sun.glass.ui.gtk.GtkApplication$$Lambda$41.run()V+12
j  java.lang.Thread.run()V+11
v  ~StubRoutines::call_stub

---------------  P R O C E S S  ---------------

Java Threads: ( => current thread )
  0x00007fd198280800 JavaThread "Thread-3" [_thread_in_native, id=26878, stack(0x00007fd196ce8000,0x00007fd196de9000)]
  0x00007fd1981cc800 JavaThread "Prism Font Disposer" daemon [_thread_blocked, id=26792, stack(0x00007fd1a4b9b000,0x00007fd1a4c9c000)]
  0x00007fd204299000 JavaThread "JavaFX-Launcher" [_thread_blocked, id=26790, stack(0x00007fd1a5690000,0x00007fd1a5791000)]
=>0x00007fd204295800 JavaThread "JavaFX Application Thread" [_thread_in_vm, id=26788, stack(0x00007fd1c808f000,0x00007fd1c8190000)]
  0x00007fd204291000 JavaThread "Thread-1" daemon [_thread_blocked, id=26787, stack(0x00007fd1ec01f000,0x00007fd1ec120000)]
  0x00007fd2041da000 JavaThread "QuantumRenderer-0" daemon [_thread_blocked, id=26784, stack(0x00007fd1ec120000,0x00007fd1ec221000)]
  0x00007fd2040c1000 JavaThread "Service Thread" daemon [_thread_blocked, id=26776, stack(0x00007fd1ec3b7000,0x00007fd1ec4b8000)]
  0x00007fd2040be000 JavaThread "C1 CompilerThread2" daemon [_thread_blocked, id=26775, stack(0x00007fd1ec4b9000,0x00007fd1ec5b9000)]
  0x00007fd2040bc000 JavaThread "C2 CompilerThread1" daemon [_thread_in_native, id=26774, stack(0x00007fd1ec5ba000,0x00007fd1ec6ba000)]
  0x00007fd2040b9000 JavaThread "C2 CompilerThread0" daemon [_thread_blocked, id=26773, stack(0x00007fd1ec6bb000,0x00007fd1ec7bb000)]
  0x00007fd2040b7800 JavaThread "Signal Dispatcher" daemon [_thread_blocked, id=26772, stack(0x00007fd1ec7bb000,0x00007fd1ec8bc000)]
  0x00007fd204084000 JavaThread "Finalizer" daemon [_thread_blocked, id=26771, stack(0x00007fd1ec8bc000,0x00007fd1ec9bd000)]
  0x00007fd204081800 JavaThread "Reference Handler" daemon [_thread_blocked, id=26770, stack(0x00007fd1ec9bd000,0x00007fd1ecabe000)]
  0x00007fd204009800 JavaThread "main" [_thread_blocked, id=26763, stack(0x00007fd20a7d6000,0x00007fd20a8d6000)]

Other Threads:
  0x00007fd204078000 VMThread [stack: 0x00007fd1ecabf000,0x00007fd1ecbbf000] [id=26769]
  0x00007fd2040c6000 WatcherThread [stack: 0x00007fd1ec2b7000,0x00007fd1ec3b7000] [id=26777]

VM state:not at safepoint (normal execution)

VM Mutex/Monitor currently owned by a thread: None

Heap:
 PSYoungGen      total 32768K, used 18572K [0x00000000ecb80000, 0x00000000eed80000, 0x0000000100000000)
  eden space 30720K, 53% used [0x00000000ecb80000,0x00000000edba7350,0x00000000ee980000)
  from space 2048K, 99% used [0x00000000eeb80000,0x00000000eed7c030,0x00000000eed80000)
  to   space 2048K, 0% used [0x00000000ee980000,0x00000000ee980000,0x00000000eeb80000)
 ParOldGen       total 39936K, used 15348K [0x00000000c6200000, 0x00000000c8900000, 0x00000000ecb80000)
  object space 39936K, 38% used [0x00000000c6200000,0x00000000c70fd178,0x00000000c8900000)
 Metaspace       used 19481K, capacity 20616K, committed 20864K, reserved 1067008K
  class space    used 2851K, capacity 3105K, committed 3200K, reserved 1048576K

Card table byte_map: [0x00007fd1f4854000,0x00007fd1f4a24000] byte_map_base: 0x00007fd1f4223000

Marking Bits: (ParMarkBitMap*) 0x00007fd209caed40
 Begin Bits: [0x00007fd1ee310000, 0x00007fd1ef188000)
 End Bits:   [0x00007fd1ef188000, 0x00007fd1f0000000)

Polling page: 0x00007fd20a8f0000

CodeCache: size=245760Kb used=7285Kb max_used=7299Kb free=238474Kb
 bounds [0x00007fd1f4de4000, 0x00007fd1f5514000, 0x00007fd203de4000]
 total_blobs=2973 nmethods=2307 adapters=578
 compilation: enabled

Compilation events (10 events):
Event: 10.104 Thread 0x00007fd2040be000 2303       3       java.nio.charset.CoderResult::isUnderflow (13 bytes)
Event: 10.104 Thread 0x00007fd2040be000 nmethod 2303 0x00007fd1f54fc290 code [0x00007fd1f54fc400, 0x00007fd1f54fc5b0]
Event: 10.104 Thread 0x00007fd2040be000 2304       3       java.nio.ByteBuffer::array (35 bytes)
Event: 10.104 Thread 0x00007fd2040be000 nmethod 2304 0x00007fd1f54fc610 code [0x00007fd1f54fc7a0, 0x00007fd1f54fcab8]
Event: 10.104 Thread 0x00007fd2040be000 2308       3       sun.nio.cs.UTF_8$Encoder::encodeArrayLoop (489 bytes)
Event: 10.108 Thread 0x00007fd2040be000 nmethod 2308 0x00007fd1f54fcc10 code [0x00007fd1f54fd180, 0x00007fd1f55007e8]
Event: 10.108 Thread 0x00007fd2040be000 2305       3       java.nio.Buffer::limit (62 bytes)
Event: 10.108 Thread 0x00007fd2040be000 nmethod 2305 0x00007fd1f5502cd0 code [0x00007fd1f5502e40, 0x00007fd1f5503148]
Event: 10.108 Thread 0x00007fd2040be000 2307       1       sun.nio.cs.StreamEncoder::isOpen (5 bytes)
Event: 10.108 Thread 0x00007fd2040be000 nmethod 2307 0x00007fd1f5503210 code [0x00007fd1f5503360, 0x00007fd1f5503470]

GC Heap History (8 events):
Event: 0.767 GC heap before
{Heap before GC invocations=1 (full 0):
 PSYoungGen      total 17408K, used 15360K [0x00000000ecb80000, 0x00000000ede80000, 0x0000000100000000)
  eden space 15360K, 100% used [0x00000000ecb80000,0x00000000eda80000,0x00000000eda80000)
  from space 2048K, 0% used [0x00000000edc80000,0x00000000edc80000,0x00000000ede80000)
  to   space 2048K, 0% used [0x00000000eda80000,0x00000000eda80000,0x00000000edc80000)
 ParOldGen       total 39936K, used 0K [0x00000000c6200000, 0x00000000c8900000, 0x00000000ecb80000)
  object space 39936K, 0% used [0x00000000c6200000,0x00000000c6200000,0x00000000c8900000)
 Metaspace       used 9771K, capacity 10078K, committed 10368K, reserved 1058816K
  class space    used 1201K, capacity 1330K, committed 1408K, reserved 1048576K
Event: 0.773 GC heap after
Heap after GC invocations=1 (full 0):
 PSYoungGen      total 17408K, used 2016K [0x00000000ecb80000, 0x00000000ede80000, 0x0000000100000000)
  eden space 15360K, 0% used [0x00000000ecb80000,0x00000000ecb80000,0x00000000eda80000)
  from space 2048K, 98% used [0x00000000eda80000,0x00000000edc78040,0x00000000edc80000)
  to   space 2048K, 0% used [0x00000000edc80000,0x00000000edc80000,0x00000000ede80000)
 ParOldGen       total 39936K, used 2823K [0x00000000c6200000, 0x00000000c8900000, 0x00000000ecb80000)
  object space 39936K, 7% used [0x00000000c6200000,0x00000000c64c1d70,0x00000000c8900000)
 Metaspace       used 9771K, capacity 10078K, committed 10368K, reserved 1058816K
  class space    used 1201K, capacity 1330K, committed 1408K, reserved 1048576K
}
Event: 1.160 GC heap before
{Heap before GC invocations=2 (full 0):
 PSYoungGen      total 17408K, used 17376K [0x00000000ecb80000, 0x00000000ede80000, 0x0000000100000000)
  eden space 15360K, 100% used [0x00000000ecb80000,0x00000000eda80000,0x00000000eda80000)
  from space 2048K, 98% used [0x00000000eda80000,0x00000000edc78040,0x00000000edc80000)
  to   space 2048K, 0% used [0x00000000edc80000,0x00000000edc80000,0x00000000ede80000)
 ParOldGen       total 39936K, used 2823K [0x00000000c6200000, 0x00000000c8900000, 0x00000000ecb80000)
  object space 39936K, 7% used [0x00000000c6200000,0x00000000c64c1d70,0x00000000c8900000)
 Metaspace       used 13001K, capacity 13458K, committed 13824K, reserved 1060864K
  class space    used 1793K, capacity 1921K, committed 2048K, reserved 1048576K
Event: 1.168 GC heap after
Heap after GC invocations=2 (full 0):
 PSYoungGen      total 17408K, used 2032K [0x00000000ecb80000, 0x00000000eed80000, 0x0000000100000000)
  eden space 15360K, 0% used [0x00000000ecb80000,0x00000000ecb80000,0x00000000eda80000)
  from space 2048K, 99% used [0x00000000edc80000,0x00000000ede7c030,0x00000000ede80000)
  to   space 2048K, 0% used [0x00000000eda80000,0x00000000eda80000,0x00000000edc80000)
 ParOldGen       total 39936K, used 7981K [0x00000000c6200000, 0x00000000c8900000, 0x00000000ecb80000)
  object space 39936K, 19% used [0x00000000c6200000,0x00000000c69cb718,0x00000000c8900000)
 Metaspace       used 13001K, capacity 13458K, committed 13824K, reserved 1060864K
  class space    used 1793K, capacity 1921K, committed 2048K, reserved 1048576K
}
Event: 1.631 GC heap before
{Heap before GC invocations=3 (full 0):
 PSYoungGen      total 17408K, used 17392K [0x00000000ecb80000, 0x00000000eed80000, 0x0000000100000000)
  eden space 15360K, 100% used [0x00000000ecb80000,0x00000000eda80000,0x00000000eda80000)
  from space 2048K, 99% used [0x00000000edc80000,0x00000000ede7c030,0x00000000ede80000)
  to   space 2048K, 0% used [0x00000000eda80000,0x00000000eda80000,0x00000000edc80000)
 ParOldGen       total 39936K, used 7981K [0x00000000c6200000, 0x00000000c8900000, 0x00000000ecb80000)
  object space 39936K, 19% used [0x00000000c6200000,0x00000000c69cb718,0x00000000c8900000)
 Metaspace       used 14554K, capacity 15240K, committed 15360K, reserved 1062912K
  class space    used 2036K, capacity 2193K, committed 2304K, reserved 1048576K
Event: 1.639 GC heap after
Heap after GC invocations=3 (full 0):
 PSYoungGen      total 17408K, used 2016K [0x00000000ecb80000, 0x00000000eed80000, 0x0000000100000000)
  eden space 15360K, 0% used [0x00000000ecb80000,0x00000000ecb80000,0x00000000eda80000)
  from space 2048K, 98% used [0x00000000eda80000,0x00000000edc78020,0x00000000edc80000)
  to   space 2048K, 0% used [0x00000000eeb80000,0x00000000eeb80000,0x00000000eed80000)
 ParOldGen       total 39936K, used 10747K [0x00000000c6200000, 0x00000000c8900000, 0x00000000ecb80000)
  object space 39936K, 26% used [0x00000000c6200000,0x00000000c6c7ee20,0x00000000c8900000)
 Metaspace       used 14554K, capacity 15240K, committed 15360K, reserved 1062912K
  class space    used 2036K, capacity 2193K, committed 2304K, reserved 1048576K
}
Event: 1.820 GC heap before
{Heap before GC invocations=4 (full 0):
 PSYoungGen      total 17408K, used 17376K [0x00000000ecb80000, 0x00000000eed80000, 0x0000000100000000)
  eden space 15360K, 100% used [0x00000000ecb80000,0x00000000eda80000,0x00000000eda80000)
  from space 2048K, 98% used [0x00000000eda80000,0x00000000edc78020,0x00000000edc80000)
  to   space 2048K, 0% used [0x00000000eeb80000,0x00000000eeb80000,0x00000000eed80000)
 ParOldGen       total 39936K, used 10747K [0x00000000c6200000, 0x00000000c8900000, 0x00000000ecb80000)
  object space 39936K, 26% used [0x00000000c6200000,0x00000000c6c7ee20,0x00000000c8900000)
 Metaspace       used 15677K, capacity 16376K, committed 16512K, reserved 1062912K
  class space    used 2216K, capacity 2411K, committed 2432K, reserved 1048576K
Event: 1.827 GC heap after
Heap after GC invocations=4 (full 0):
 PSYoungGen      total 32768K, used 2032K [0x00000000ecb80000, 0x00000000eed80000, 0x0000000100000000)
  eden space 30720K, 0% used [0x00000000ecb80000,0x00000000ecb80000,0x00000000ee980000)
  from space 2048K, 99% used [0x00000000eeb80000,0x00000000eed7c030,0x00000000eed80000)
  to   space 2048K, 0% used [0x00000000ee980000,0x00000000ee980000,0x00000000eeb80000)
 ParOldGen       total 39936K, used 15348K [0x00000000c6200000, 0x00000000c8900000, 0x00000000ecb80000)
  object space 39936K, 38% used [0x00000000c6200000,0x00000000c70fd178,0x00000000c8900000)
 Metaspace       used 15677K, capacity 16376K, committed 16512K, reserved 1062912K
  class space    used 2216K, capacity 2411K, committed 2432K, reserved 1048576K
}

Deoptimization events (10 events):
Event: 1.882 Thread 0x00007fd204295800 Uncommon trap: reason=unstable_if action=reinterpret pc=0x00007fd1f50957f0 method=sun.net.www.ParseUtil.encodePath(Ljava/lang/String;Z)Ljava/lang/String; @ 109
Event: 1.887 Thread 0x00007fd204295800 Uncommon trap: reason=array_check action=maybe_recompile pc=0x00007fd1f52c99f0 method=com.sun.javafx.css.SimpleSelector.applies(Ljavafx/css/Styleable;[Ljava/util/Set;I)Z @ 37
Event: 1.887 Thread 0x00007fd204295800 Uncommon trap: reason=array_check action=maybe_recompile pc=0x00007fd1f52c99f0 method=com.sun.javafx.css.SimpleSelector.applies(Ljavafx/css/Styleable;[Ljava/util/Set;I)Z @ 37
Event: 1.887 Thread 0x00007fd204295800 Uncommon trap: reason=array_check action=maybe_recompile pc=0x00007fd1f52c99f0 method=com.sun.javafx.css.SimpleSelector.applies(Ljavafx/css/Styleable;[Ljava/util/Set;I)Z @ 37
Event: 1.888 Thread 0x00007fd204295800 Uncommon trap: reason=array_check action=maybe_recompile pc=0x00007fd1f52c99f0 method=com.sun.javafx.css.SimpleSelector.applies(Ljavafx/css/Styleable;[Ljava/util/Set;I)Z @ 37
Event: 2.242 Thread 0x00007fd204295800 Uncommon trap: reason=unstable_if action=reinterpret pc=0x00007fd1f52c7a7c method=jdk.internal.org.objectweb.asm.Type.getArgumentsAndReturnSizes(Ljava/lang/String;)I @ 47
Event: 7.706 Thread 0x00007fd204295800 Uncommon trap: reason=unstable_if action=reinterpret pc=0x00007fd1f503fe20 method=java.lang.CharacterData.of(I)Ljava/lang/CharacterData; @ 4
Event: 9.722 Thread 0x00007fd204295800 Uncommon trap: reason=unstable_if action=reinterpret pc=0x00007fd1f509e38c method=java.lang.String.indexOf([CII[CIII)I @ 3
Event: 9.940 Thread 0x00007fd204295800 Uncommon trap: reason=array_check action=maybe_recompile pc=0x00007fd1f5336ec4 method=com.sun.javafx.css.SimpleSelector.applies(Ljavafx/css/Styleable;[Ljava/util/Set;I)Z @ 37
Event: 10.070 Thread 0x00007fd204295800 Uncommon trap: reason=unstable_if action=reinterpret pc=0x00007fd1f53ddcf8 method=javafx.scene.Node.getProperties()Ljavafx/collections/ObservableMap; @ 4

Classes redefined (0 events):
No events

Internal exceptions (10 events):
Event: 0.886 Thread 0x00007fd204295800 Exception <a 'java/lang/ArrayIndexOutOfBoundsException'> (0x00000000ed0dd748) thrown at [/HUDSON/workspace/8-2-build-linux-amd64/jdk8u191/11894/hotspot/src/share/vm/runtime/sharedRuntime.cpp, line 605]
Event: 1.084 Thread 0x00007fd204295800 Exception <a 'java/lang/ArrayIndexOutOfBoundsException'> (0x00000000ed78a678) thrown at [/HUDSON/workspace/8-2-build-linux-amd64/jdk8u191/11894/hotspot/src/share/vm/runtime/sharedRuntime.cpp, line 605]
Event: 1.086 Thread 0x00007fd204295800 Exception <a 'java/lang/ArrayIndexOutOfBoundsException'> (0x00000000ed79a428) thrown at [/HUDSON/workspace/8-2-build-linux-amd64/jdk8u191/11894/hotspot/src/share/vm/runtime/sharedRuntime.cpp, line 605]
Event: 1.088 Thread 0x00007fd204295800 Exception <a 'java/lang/ArrayIndexOutOfBoundsException'> (0x00000000ed7be388) thrown at [/HUDSON/workspace/8-2-build-linux-amd64/jdk8u191/11894/hotspot/src/share/vm/runtime/sharedRuntime.cpp, line 605]
Event: 1.466 Thread 0x00007fd204295800 Exception <a 'java/lang/ArrayIndexOutOfBoundsException'> (0x00000000ed440d20) thrown at [/HUDSON/workspace/8-2-build-linux-amd64/jdk8u191/11894/hotspot/src/share/vm/runtime/sharedRuntime.cpp, line 605]
Event: 1.466 Thread 0x00007fd204295800 Exception <a 'java/lang/ArrayIndexOutOfBoundsException'> (0x00000000ed441b38) thrown at [/HUDSON/workspace/8-2-build-linux-amd64/jdk8u191/11894/hotspot/src/share/vm/runtime/sharedRuntime.cpp, line 605]
Event: 1.466 Thread 0x00007fd204295800 Exception <a 'java/lang/ArrayIndexOutOfBoundsException'> (0x00000000ed4433a8) thrown at [/HUDSON/workspace/8-2-build-linux-amd64/jdk8u191/11894/hotspot/src/share/vm/runtime/sharedRuntime.cpp, line 605]
Event: 1.468 Thread 0x00007fd204295800 Exception <a 'java/lang/ArrayIndexOutOfBoundsException'> (0x00000000ed450bd8) thrown at [/HUDSON/workspace/8-2-build-linux-amd64/jdk8u191/11894/hotspot/src/share/vm/runtime/sharedRuntime.cpp, line 605]
Event: 1.792 Thread 0x00007fd204295800 Implicit null exception at 0x00007fd1f5135db5 to 0x00007fd1f5135fcd
Event: 9.714 Thread 0x00007fd204295800 Exception <a 'java/lang/NoSuchMethodError': <clinit>> (0x00000000ed6f2dd8) thrown at [/HUDSON/workspace/8-2-build-linux-amd64/jdk8u191/11894/hotspot/src/share/vm/prims/jni.cpp, line 1613]

Events (10 events):
Event: 10.099 loading class com/sun/javafx/scene/control/ReadOnlyUnbackedObservableList$1
Event: 10.099 loading class com/sun/javafx/scene/control/ReadOnlyUnbackedObservableList$1 done
Event: 10.100 loading class com/sun/javafx/scene/control/ReadOnlyUnbackedObservableList$SelectionListIterator
Event: 10.100 loading class com/sun/javafx/scene/control/ReadOnlyUnbackedObservableList$SelectionListIterator done
Event: 10.100 loading class java/lang/Throwable$WrappedPrintStream
Event: 10.100 loading class java/lang/Throwable$PrintStreamOrWriter
Event: 10.100 loading class java/lang/Throwable$PrintStreamOrWriter done
Event: 10.101 loading class java/lang/Throwable$WrappedPrintStream done
Event: 10.101 loading class java/util/IdentityHashMap$KeySet
Event: 10.101 loading class java/util/IdentityHashMap$KeySet done


Dynamic libraries:
00400000-00401000 r-xp 00000000 fd:00 50523257                           /usr/java/jdk1.8.0_191-amd64/jre/bin/java
00600000-00601000 r--p 00000000 fd:00 50523257                           /usr/java/jdk1.8.0_191-amd64/jre/bin/java
00601000-00602000 rw-p 00001000 fd:00 50523257                           /usr/java/jdk1.8.0_191-amd64/jre/bin/java
01861000-01882000 rw-p 00000000 00:00 0                                  [heap]
c6200000-c8900000 rw-p 00000000 00:00 0 
c8900000-ecb80000 ---p 00000000 00:00 0 
ecb80000-eed80000 rw-p 00000000 00:00 0 
eed80000-100000000 ---p 00000000 00:00 0 
100000000-100320000 rw-p 00000000 00:00 0 
100320000-140000000 ---p 00000000 00:00 0 
7fd18c000000-7fd18c021000 rw-p 00000000 00:00 0 
7fd18c021000-7fd190000000 ---p 00000000 00:00 0 
7fd190000000-7fd190021000 rw-p 00000000 00:00 0 
7fd190021000-7fd194000000 ---p 00000000 00:00 0 
7fd196ce8000-7fd196ceb000 ---p 00000000 00:00 0 
7fd196ceb000-7fd196f29000 rw-p 00000000 00:00 0 
7fd196f29000-7fd196fe9000 ---p 00000000 00:00 0 
7fd196fe9000-7fd196fff000 r-xp 00000000 fd:00 18367031                   /usr/java/jdk1.8.0_191-amd64/jre/lib/amd64/libnet.so
7fd196fff000-7fd1971fe000 ---p 00016000 fd:00 18367031                   /usr/java/jdk1.8.0_191-amd64/jre/lib/amd64/libnet.so
7fd1971fe000-7fd1971ff000 r--p 00015000 fd:00 18367031                   /usr/java/jdk1.8.0_191-amd64/jre/lib/amd64/libnet.so
7fd1971ff000-7fd197200000 rw-p 00016000 fd:00 18367031                   /usr/java/jdk1.8.0_191-amd64/jre/lib/amd64/libnet.so
7fd197200000-7fd197380000 rw-s 103da1000 00:05 9778                      /dev/dri/card0
7fd197380000-7fd197500000 rw-s 00000000 00:04 229215                     /drm mm object (deleted)
7fd197500000-7fd197800000 rw-s 00000000 00:04 226136                     /drm mm object (deleted)
7fd197800000-7fd198000000 rw-s 102f01000 00:05 9778                      /dev/dri/card0
7fd198000000-7fd1987a2000 rw-p 00000000 00:00 0 
7fd1987a2000-7fd19c000000 ---p 00000000 00:00 0 
7fd19c000000-7fd19c021000 rw-p 00000000 00:00 0 
7fd19c021000-7fd1a0000000 ---p 00000000 00:00 0 
7fd1a0000000-7fd1a0021000 rw-p 00000000 00:00 0 
7fd1a0021000-7fd1a4000000 ---p 00000000 00:00 0 
7fd1a40b3000-7fd1a40b7000 r--s 000a0000 fd:00 5918941                    /usr/java/jdk1.8.0_191-amd64/jre/lib/jsse.jar
7fd1a40b7000-7fd1a40bf000 rw-s 00000000 00:04 227011                     /drm mm object (deleted)
7fd1a40bf000-7fd1a40c3000 rw-s 00000000 00:04 229221                     /drm mm object (deleted)
7fd1a40c3000-7fd1a4123000 rw-s 00000000 00:04 229219                     /drm mm object (deleted)
7fd1a4123000-7fd1a412f000 rw-s 00000000 00:04 229218                     /drm mm object (deleted)
7fd1a412f000-7fd1a42af000 rw-s 00000000 00:04 229214                     /drm mm object (deleted)
7fd1a42af000-7fd1a42bf000 rw-s 00000000 00:04 226135                     /drm mm object (deleted)
7fd1a42bf000-7fd1a44bf000 rw-p 00000000 00:00 0 
7fd1a44bf000-7fd1a4564000 r--p 00000000 fd:00 1140148                    /usr/share/fonts/dejavu/DejaVuSans-Bold.ttf
7fd1a4564000-7fd1a4599000 r-xp 00000000 fd:00 18366536                   /usr/java/jdk1.8.0_191-amd64/jre/lib/amd64/libjavafx_iio.so
7fd1a4599000-7fd1a4799000 ---p 00035000 fd:00 18366536                   /usr/java/jdk1.8.0_191-amd64/jre/lib/amd64/libjavafx_iio.so
7fd1a4799000-7fd1a479a000 r--p 00035000 fd:00 18366536                   /usr/java/jdk1.8.0_191-amd64/jre/lib/amd64/libjavafx_iio.so
7fd1a479a000-7fd1a479b000 rw-p 00036000 fd:00 18366536                   /usr/java/jdk1.8.0_191-amd64/jre/lib/amd64/libjavafx_iio.so
7fd1a479b000-7fd1a499b000 rw-p 00000000 00:00 0 
7fd1a499b000-7fd1a4b9b000 rw-p 00000000 00:00 0 
7fd1a4b9b000-7fd1a4b9e000 ---p 00000000 00:00 0 
7fd1a4b9e000-7fd1a4c9c000 rw-p 00000000 00:00 0 
7fd1a4c9c000-7fd1a4d4c000 r--p 00000000 fd:00 1140152                    /usr/share/fonts/dejavu/DejaVuSans.ttf
7fd1a4d4c000-7fd1a4d88000 r--p 00000000 fd:00 18296816                   /usr/java/jdk1.8.0_191-amd64/jre/lib/fonts/LucidaTypewriterRegular.ttf
7fd1a4d88000-7fd1a4e33000 r--p 00000000 fd:00 18296814                   /usr/java/jdk1.8.0_191-amd64/jre/lib/fonts/LucidaSansRegular.ttf
7fd1a4e33000-7fd1a4e81000 r--p 00000000 fd:00 18296813                   /usr/java/jdk1.8.0_191-amd64/jre/lib/fonts/LucidaSansDemiBold.ttf
7fd1a4e81000-7fd1a4e85000 r-xp 00000000 fd:00 18366534                   /usr/java/jdk1.8.0_191-amd64/jre/lib/amd64/libjavafx_font_pango.so
7fd1a4e85000-7fd1a5084000 ---p 00004000 fd:00 18366534                   /usr/java/jdk1.8.0_191-amd64/jre/lib/amd64/libjavafx_font_pango.so
7fd1a5084000-7fd1a5085000 r--p 00003000 fd:00 18366534                   /usr/java/jdk1.8.0_191-amd64/jre/lib/amd64/libjavafx_font_pango.so
7fd1a5085000-7fd1a5086000 rw-p 00004000 fd:00 18366534                   /usr/java/jdk1.8.0_191-amd64/jre/lib/amd64/libjavafx_font_pango.so
7fd1a5086000-7fd1a508b000 r-xp 00000000 fd:00 18366533                   /usr/java/jdk1.8.0_191-amd64/jre/lib/amd64/libjavafx_font_freetype.so
7fd1a508b000-7fd1a528a000 ---p 00005000 fd:00 18366533                   /usr/java/jdk1.8.0_191-amd64/jre/lib/amd64/libjavafx_font_freetype.so
7fd1a528a000-7fd1a528b000 r--p 00004000 fd:00 18366533                   /usr/java/jdk1.8.0_191-amd64/jre/lib/amd64/libjavafx_font_freetype.so
7fd1a528b000-7fd1a528c000 rw-p 00005000 fd:00 18366533                   /usr/java/jdk1.8.0_191-amd64/jre/lib/amd64/libjavafx_font_freetype.so
7fd1a528c000-7fd1a528f000 r-xp 00000000 fd:00 18366532                   /usr/java/jdk1.8.0_191-amd64/jre/lib/amd64/libjavafx_font.so
7fd1a528f000-7fd1a548e000 ---p 00003000 fd:00 18366532                   /usr/java/jdk1.8.0_191-amd64/jre/lib/amd64/libjavafx_font.so
7fd1a548e000-7fd1a548f000 r--p 00002000 fd:00 18366532                   /usr/java/jdk1.8.0_191-amd64/jre/lib/amd64/libjavafx_font.so
7fd1a548f000-7fd1a5490000 rw-p 00003000 fd:00 18366532                   /usr/java/jdk1.8.0_191-amd64/jre/lib/amd64/libjavafx_font.so
7fd1a5490000-7fd1a5690000 rw-p 00000000 00:00 0 
7fd1a5690000-7fd1a5693000 ---p 00000000 00:00 0 
7fd1a5693000-7fd1a5791000 rw-p 00000000 00:00 0 
7fd1a5791000-7fd1a5793000 r-xp 00000000 fd:00 16811272                   /usr/lib64/libfreebl3.so
7fd1a5793000-7fd1a5992000 ---p 00002000 fd:00 16811272                   /usr/lib64/libfreebl3.so
7fd1a5992000-7fd1a5993000 r--p 00001000 fd:00 16811272                   /usr/lib64/libfreebl3.so
7fd1a5993000-7fd1a5994000 rw-p 00002000 fd:00 16811272                   /usr/lib64/libfreebl3.so
7fd1a5994000-7fd1a599c000 r-xp 00000000 fd:00 16847408                   /usr/lib64/libcrypt-2.17.so
7fd1a599c000-7fd1a5b9b000 ---p 00008000 fd:00 16847408                   /usr/lib64/libcrypt-2.17.so
7fd1a5b9b000-7fd1a5b9c000 r--p 00007000 fd:00 16847408                   /usr/lib64/libcrypt-2.17.so
7fd1a5b9c000-7fd1a5b9d000 rw-p 00008000 fd:00 16847408                   /usr/lib64/libcrypt-2.17.so
7fd1a5b9d000-7fd1a5bcb000 rw-p 00000000 00:00 0 
7fd1a5bcb000-7fd1a5bd4000 r-xp 00000000 fd:00 16848070                   /usr/lib64/libltdl.so.7.3.0
7fd1a5bd4000-7fd1a5dd3000 ---p 00009000 fd:00 16848070                   /usr/lib64/libltdl.so.7.3.0
7fd1a5dd3000-7fd1a5dd4000 r--p 00008000 fd:00 16848070                   /usr/lib64/libltdl.so.7.3.0
7fd1a5dd4000-7fd1a5dd5000 rw-p 00009000 fd:00 16848070                   /usr/lib64/libltdl.so.7.3.0
7fd1a5dd5000-7fd1a5dea000 r-xp 00000000 fd:00 16848016                   /usr/lib64/libtdb.so.1.3.15
7fd1a5dea000-7fd1a5fea000 ---p 00015000 fd:00 16848016                   /usr/lib64/libtdb.so.1.3.15
7fd1a5fea000-7fd1a5feb000 r--p 00015000 fd:00 16848016                   /usr/lib64/libtdb.so.1.3.15
7fd1a5feb000-7fd1a5fec000 rw-p 00016000 fd:00 16848016                   /usr/lib64/libtdb.so.1.3.15
7fd1a5fec000-7fd1a5ff2000 r-xp 00000000 fd:00 16847982                   /usr/lib64/libogg.so.0.8.0
7fd1a5ff2000-7fd1a61f1000 ---p 00006000 fd:00 16847982                   /usr/lib64/libogg.so.0.8.0
7fd1a61f1000-7fd1a61f2000 r--p 00005000 fd:00 16847982                   /usr/lib64/libogg.so.0.8.0
7fd1a61f2000-7fd1a61f3000 rw-p 00006000 fd:00 16847982                   /usr/lib64/libogg.so.0.8.0
7fd1a61f3000-7fd1a621f000 r-xp 00000000 fd:00 16848019                   /usr/lib64/libvorbis.so.0.4.6
7fd1a621f000-7fd1a641e000 ---p 0002c000 fd:00 16848019                   /usr/lib64/libvorbis.so.0.4.6
7fd1a641e000-7fd1a641f000 r--p 0002b000 fd:00 16848019                   /usr/lib64/libvorbis.so.0.4.6
7fd1a641f000-7fd1a6420000 rw-p 0002c000 fd:00 16848019                   /usr/lib64/libvorbis.so.0.4.6
7fd1a6420000-7fd1a6427000 r-xp 00000000 fd:00 16848023                   /usr/lib64/libvorbisfile.so.3.3.5
7fd1a6427000-7fd1a6627000 ---p 00007000 fd:00 16848023                   /usr/lib64/libvorbisfile.so.3.3.5
7fd1a6627000-7fd1a6628000 r--p 00007000 fd:00 16848023                   /usr/lib64/libvorbisfile.so.3.3.5
7fd1a6628000-7fd1a6629000 rw-p 00008000 fd:00 16848023                   /usr/lib64/libvorbisfile.so.3.3.5
7fd1a6629000-7fd1a6639000 r-xp 00000000 fd:00 17793434                   /usr/lib64/libcanberra.so.0.2.5
7fd1a6639000-7fd1a6838000 ---p 00010000 fd:00 17793434                   /usr/lib64/libcanberra.so.0.2.5
7fd1a6838000-7fd1a6839000 r--p 0000f000 fd:00 17793434                   /usr/lib64/libcanberra.so.0.2.5
7fd1a6839000-7fd1a683a000 rw-p 00010000 fd:00 17793434                   /usr/lib64/libcanberra.so.0.2.5
7fd1a683a000-7fd1a683e000 r-xp 00000000 fd:00 19117904                   /usr/lib64/libcanberra-gtk.so.0.1.9
7fd1a683e000-7fd1a6a3d000 ---p 00004000 fd:00 19117904                   /usr/lib64/libcanberra-gtk.so.0.1.9
7fd1a6a3d000-7fd1a6a3e000 r--p 00003000 fd:00 19117904                   /usr/lib64/libcanberra-gtk.so.0.1.9
7fd1a6a3e000-7fd1a6a3f000 rw-p 00004000 fd:00 19117904                   /usr/lib64/libcanberra-gtk.so.0.1.9
7fd1a6a3f000-7fd1a6a44000 r-xp 00000000 fd:00 19117902                   /usr/lib64/gtk-2.0/modules/libcanberra-gtk-module.so
7fd1a6a44000-7fd1a6c43000 ---p 00005000 fd:00 19117902                   /usr/lib64/gtk-2.0/modules/libcanberra-gtk-module.so
7fd1a6c43000-7fd1a6c44000 r--p 00004000 fd:00 19117902                   /usr/lib64/gtk-2.0/modules/libcanberra-gtk-module.so
7fd1a6c44000-7fd1a6c45000 rw-p 00005000 fd:00 19117902                   /usr/lib64/gtk-2.0/modules/libcanberra-gtk-module.so
7fd1a6c45000-7fd1a6c46000 r-xp 00000000 fd:00 19031134                   /usr/lib64/gtk-2.0/modules/libpk-gtk-module.so
7fd1a6c46000-7fd1a6e45000 ---p 00001000 fd:00 19031134                   /usr/lib64/gtk-2.0/modules/libpk-gtk-module.so
7fd1a6e45000-7fd1a6e46000 r--p 00000000 fd:00 19031134                   /usr/lib64/gtk-2.0/modules/libpk-gtk-module.so
7fd1a6e46000-7fd1a6e47000 rw-p 00001000 fd:00 19031134                   /usr/lib64/gtk-2.0/modules/libpk-gtk-module.so
7fd1a6e47000-7fd1a6e50000 r-xp 00000000 fd:00 638050                     /usr/lib64/gtk-2.0/2.10.0/engines/libpixmap.so
7fd1a6e50000-7fd1a7050000 ---p 00009000 fd:00 638050                     /usr/lib64/gtk-2.0/2.10.0/engines/libpixmap.so
7fd1a7050000-7fd1a7051000 r--p 00009000 fd:00 638050                     /usr/lib64/gtk-2.0/2.10.0/engines/libpixmap.so
7fd1a7051000-7fd1a7052000 rw-p 0000a000 fd:00 638050                     /usr/lib64/gtk-2.0/2.10.0/engines/libpixmap.so
7fd1a7052000-7fd1a7054000 r-xp 00000000 fd:00 1222027                    /usr/lib64/gtk-2.0/2.10.0/engines/libadwaita.so
7fd1a7054000-7fd1a7254000 ---p 00002000 fd:00 1222027                    /usr/lib64/gtk-2.0/2.10.0/engines/libadwaita.so
7fd1a7254000-7fd1a7255000 r--p 00002000 fd:00 1222027                    /usr/lib64/gtk-2.0/2.10.0/engines/libadwaita.so
7fd1a7255000-7fd1a7256000 rw-p 00003000 fd:00 1222027                    /usr/lib64/gtk-2.0/2.10.0/engines/libadwaita.so
7fd1a7256000-7fd1a7299000 r-xp 00000000 fd:00 18365336                   /usr/java/jdk1.8.0_191-amd64/jre/lib/amd64/libglass.so
7fd1a7299000-7fd1a7499000 ---p 00043000 fd:00 18365336                   /usr/java/jdk1.8.0_191-amd64/jre/lib/amd64/libglass.so
7fd1a7499000-7fd1a749b000 r--p 00043000 fd:00 18365336                   /usr/java/jdk1.8.0_191-amd64/jre/lib/amd64/libglass.so
7fd1a749b000-7fd1a749c000 rw-p 00045000 fd:00 18365336                   /usr/java/jdk1.8.0_191-amd64/jre/lib/amd64/libglass.so
7fd1a749c000-7fd1a749d000 rw-p 00000000 00:00 0 
7fd1a749d000-7fd1a74a6000 r-xp 00000000 fd:00 17817125                   /usr/lib64/libpciaccess.so.0.11.1
7fd1a74a6000-7fd1a76a5000 ---p 00009000 fd:00 17817125                   /usr/lib64/libpciaccess.so.0.11.1
7fd1a76a5000-7fd1a76a6000 r--p 00008000 fd:00 17817125                   /usr/lib64/libpciaccess.so.0.11.1
7fd1a76a6000-7fd1a76a7000 rw-p 00009000 fd:00 17817125                   /usr/lib64/libpciaccess.so.0.11.1
7fd1a76a7000-7fd1a7790000 r-xp 00000000 fd:00 16808726                   /usr/lib64/libstdc++.so.6.0.19
7fd1a7790000-7fd1a798f000 ---p 000e9000 fd:00 16808726                   /usr/lib64/libstdc++.so.6.0.19
7fd1a798f000-7fd1a7997000 r--p 000e8000 fd:00 16808726                   /usr/lib64/libstdc++.so.6.0.19
7fd1a7997000-7fd1a7999000 rw-p 000f0000 fd:00 16808726                   /usr/lib64/libstdc++.so.6.0.19
7fd1a7999000-7fd1a79ae000 rw-p 00000000 00:00 0 
7fd1a79ae000-7fd1a79b9000 r-xp 00000000 fd:00 17817138                   /usr/lib64/libdrm_radeon.so.1.0.1
7fd1a79b9000-7fd1a7bb8000 ---p 0000b000 fd:00 17817138                   /usr/lib64/libdrm_radeon.so.1.0.1
7fd1a7bb8000-7fd1a7bb9000 r--p 0000a000 fd:00 17817138                   /usr/lib64/libdrm_radeon.so.1.0.1
7fd1a7bb9000-7fd1a7bba000 rw-p 0000b000 fd:00 17817138                   /usr/lib64/libdrm_radeon.so.1.0.1
7fd1a7bba000-7fd1a7bc1000 r-xp 00000000 fd:00 17817136                   /usr/lib64/libdrm_nouveau.so.2.0.0
7fd1a7bc1000-7fd1a7dc0000 ---p 00007000 fd:00 17817136                   /usr/lib64/libdrm_nouveau.so.2.0.0
7fd1a7dc0000-7fd1a7dc1000 r--p 00006000 fd:00 17817136                   /usr/lib64/libdrm_nouveau.so.2.0.0
7fd1a7dc1000-7fd1a7dc2000 rw-p 00007000 fd:00 17817136                   /usr/lib64/libdrm_nouveau.so.2.0.0
7fd1a7dc2000-7fd1a7de5000 r-xp 00000000 fd:00 17817134                   /usr/lib64/libdrm_intel.so.1.0.0
7fd1a7de5000-7fd1a7fe4000 ---p 00023000 fd:00 17817134                   /usr/lib64/libdrm_intel.so.1.0.0
7fd1a7fe4000-7fd1a7fe5000 r--p 00022000 fd:00 17817134                   /usr/lib64/libdrm_intel.so.1.0.0
7fd1a7fe5000-7fd1a7fe6000 rw-p 00023000 fd:00 17817134                   /usr/lib64/libdrm_intel.so.1.0.0
7fd1a7fe6000-7fd1a884e000 r-xp 00000000 fd:00 51064203                   /usr/lib64/dri/i965_dri.so
7fd1a884e000-7fd1a8a4d000 ---p 00868000 fd:00 51064203                   /usr/lib64/dri/i965_dri.so
7fd1a8a4d000-7fd1a8a9d000 r--p 00867000 fd:00 51064203                   /usr/lib64/dri/i965_dri.so
7fd1a8a9d000-7fd1a8aa6000 rw-p 008b7000 fd:00 51064203                   /usr/lib64/dri/i965_dri.so
7fd1a8aa6000-7fd1a8b0e000 rw-p 00000000 00:00 0 
7fd1a8b0e000-7fd1a8b10000 r-xp 00000000 fd:00 16848074                   /usr/lib64/libXau.so.6.0.0
7fd1a8b10000-7fd1a8d10000 ---p 00002000 fd:00 16848074                   /usr/lib64/libXau.so.6.0.0
7fd1a8d10000-7fd1a8d11000 r--p 00002000 fd:00 16848074                   /usr/lib64/libXau.so.6.0.0
7fd1a8d11000-7fd1a8d12000 rw-p 00003000 fd:00 16848074                   /usr/lib64/libXau.so.6.0.0
7fd1a8d12000-7fd1a8d23000 r-xp 00000000 fd:00 16848271                   /usr/lib64/libwayland-server.so.0.1.0
7fd1a8d23000-7fd1a8f22000 ---p 00011000 fd:00 16848271                   /usr/lib64/libwayland-server.so.0.1.0
7fd1a8f22000-7fd1a8f24000 r--p 00010000 fd:00 16848271                   /usr/lib64/libwayland-server.so.0.1.0
7fd1a8f24000-7fd1a8f25000 rw-p 00012000 fd:00 16848271                   /usr/lib64/libwayland-server.so.0.1.0
7fd1a8f25000-7fd1a8f32000 r-xp 00000000 fd:00 16848063                   /usr/lib64/libwayland-client.so.0.3.0
7fd1a8f32000-7fd1a9131000 ---p 0000d000 fd:00 16848063                   /usr/lib64/libwayland-client.so.0.3.0
7fd1a9131000-7fd1a9133000 r--p 0000c000 fd:00 16848063                   /usr/lib64/libwayland-client.so.0.3.0
7fd1a9133000-7fd1a9134000 rw-p 0000e000 fd:00 16848063                   /usr/lib64/libwayland-client.so.0.3.0
7fd1a9134000-7fd1a9141000 r-xp 00000000 fd:00 17817142                   /usr/lib64/libgbm.so.1.0.0
7fd1a9141000-7fd1a9340000 ---p 0000d000 fd:00 17817142                   /usr/lib64/libgbm.so.1.0.0
7fd1a9340000-7fd1a9341000 r--p 0000c000 fd:00 17817142                   /usr/lib64/libgbm.so.1.0.0
7fd1a9341000-7fd1a9342000 rw-p 0000d000 fd:00 17817142                   /usr/lib64/libgbm.so.1.0.0
7fd1a9342000-7fd1a936e000 r-xp 00000000 fd:00 17104202                   /usr/lib64/libgraphite2.so.3.0.1
7fd1a936e000-7fd1a956d000 ---p 0002c000 fd:00 17104202                   /usr/lib64/libgraphite2.so.3.0.1
7fd1a956d000-7fd1a956f000 r--p 0002b000 fd:00 17104202                   /usr/lib64/libgraphite2.so.3.0.1
7fd1a956f000-7fd1a9570000 rw-p 0002d000 fd:00 17104202                   /usr/lib64/libgraphite2.so.3.0.1
7fd1a9570000-7fd1a9574000 r-xp 00000000 fd:00 16808707                   /usr/lib64/libuuid.so.1.3.0
7fd1a9574000-7fd1a9773000 ---p 00004000 fd:00 16808707                   /usr/lib64/libuuid.so.1.3.0
7fd1a9773000-7fd1a9774000 r--p 00003000 fd:00 16808707                   /usr/lib64/libuuid.so.1.3.0
7fd1a9774000-7fd1a9775000 rw-p 00004000 fd:00 16808707                   /usr/lib64/libuuid.so.1.3.0
7fd1a9775000-7fd1a97b0000 r-xp 00000000 fd:00 16808823                   /usr/lib64/libblkid.so.1.1.0
7fd1a97b0000-7fd1a99af000 ---p 0003b000 fd:00 16808823                   /usr/lib64/libblkid.so.1.1.0
7fd1a99af000-7fd1a99b2000 r--p 0003a000 fd:00 16808823                   /usr/lib64/libblkid.so.1.1.0
7fd1a99b2000-7fd1a99b3000 rw-p 0003d000 fd:00 16808823                   /usr/lib64/libblkid.so.1.1.0
7fd1a99b3000-7fd1a99b4000 rw-p 00000000 00:00 0 
7fd1a99b4000-7fd1a99c4000 r-xp 00000000 fd:00 17817130                   /usr/lib64/libdrm.so.2.4.0
7fd1a99c4000-7fd1a9bc3000 ---p 00010000 fd:00 17817130                   /usr/lib64/libdrm.so.2.4.0
7fd1a9bc3000-7fd1a9bc4000 r--p 0000f000 fd:00 17817130                   /usr/lib64/libdrm.so.2.4.0
7fd1a9bc4000-7fd1a9bc5000 rw-p 00010000 fd:00 17817130                   /usr/lib64/libdrm.so.2.4.0
7fd1a9bc5000-7fd1a9bc9000 r-xp 00000000 fd:00 16848082                   /usr/lib64/libxcb-dri2.so.0.0.0
7fd1a9bc9000-7fd1a9dc8000 ---p 00004000 fd:00 16848082                   /usr/lib64/libxcb-dri2.so.0.0.0
7fd1a9dc8000-7fd1a9dc9000 r--p 00003000 fd:00 16848082                   /usr/lib64/libxcb-dri2.so.0.0.0
7fd1a9dc9000-7fd1a9dca000 rw-p 00004000 fd:00 16848082                   /usr/lib64/libxcb-dri2.so.0.0.0
7fd1a9dca000-7fd1a9de3000 r-xp 00000000 fd:00 16848086                   /usr/lib64/libxcb-glx.so.0.0.0
7fd1a9de3000-7fd1a9fe2000 ---p 00019000 fd:00 16848086                   /usr/lib64/libxcb-glx.so.0.0.0
7fd1a9fe2000-7fd1a9fe4000 r--p 00018000 fd:00 16848086                   /usr/lib64/libxcb-glx.so.0.0.0
7fd1a9fe4000-7fd1a9fe5000 rw-p 0001a000 fd:00 16848086                   /usr/lib64/libxcb-glx.so.0.0.0
7fd1a9fe5000-7fd1a9fe6000 r-xp 00000000 fd:00 16848128                   /usr/lib64/libX11-xcb.so.1.0.0
7fd1a9fe6000-7fd1aa1e5000 ---p 00001000 fd:00 16848128                   /usr/lib64/libX11-xcb.so.1.0.0
7fd1aa1e5000-7fd1aa1e6000 r--p 00000000 fd:00 16848128                   /usr/lib64/libX11-xcb.so.1.0.0
7fd1aa1e6000-7fd1aa1e7000 rw-p 00001000 fd:00 16848128                   /usr/lib64/libX11-xcb.so.1.0.0
7fd1aa1e7000-7fd1aa212000 r-xp 00000000 fd:00 17003446                   /usr/lib64/libglapi.so.0.0.0
7fd1aa212000-7fd1aa411000 ---p 0002b000 fd:00 17003446                   /usr/lib64/libglapi.so.0.0.0
7fd1aa411000-7fd1aa415000 r--p 0002a000 fd:00 17003446                   /usr/lib64/libglapi.so.0.0.0
7fd1aa415000-7fd1aa416000 rw-p 0002e000 fd:00 17003446                   /usr/lib64/libglapi.so.0.0.0
7fd1aa416000-7fd1aa417000 rw-p 00000000 00:00 0 
7fd1aa417000-7fd1aa418000 r-xp 00000000 fd:00 17034114                   /usr/lib64/libxshmfence.so.1.0.0
7fd1aa418000-7fd1aa618000 ---p 00001000 fd:00 17034114                   /usr/lib64/libxshmfence.so.1.0.0
7fd1aa618000-7fd1aa619000 r--p 00001000 fd:00 17034114                   /usr/lib64/libxshmfence.so.1.0.0
7fd1aa619000-7fd1aa61a000 rw-p 00002000 fd:00 17034114                   /usr/lib64/libxshmfence.so.1.0.0
7fd1aa61a000-7fd1aa620000 r-xp 00000000 fd:00 16848104                   /usr/lib64/libxcb-sync.so.1.0.0
7fd1aa620000-7fd1aa81f000 ---p 00006000 fd:00 16848104                   /usr/lib64/libxcb-sync.so.1.0.0
7fd1aa81f000-7fd1aa820000 r--p 00005000 fd:00 16848104                   /usr/lib64/libxcb-sync.so.1.0.0
7fd1aa820000-7fd1aa821000 rw-p 00006000 fd:00 16848104                   /usr/lib64/libxcb-sync.so.1.0.0
7fd1aa821000-7fd1aa823000 r-xp 00000000 fd:00 16848088                   /usr/lib64/libxcb-present.so.0.0.0
7fd1aa823000-7fd1aaa22000 ---p 00002000 fd:00 16848088                   /usr/lib64/libxcb-present.so.0.0.0
7fd1aaa22000-7fd1aaa23000 r--p 00001000 fd:00 16848088                   /usr/lib64/libxcb-present.so.0.0.0
7fd1aaa23000-7fd1aaa24000 rw-p 00002000 fd:00 16848088                   /usr/lib64/libxcb-present.so.0.0.0
7fd1aaa24000-7fd1aaa2b000 r-xp 00000000 fd:00 16848110                   /usr/lib64/libxcb-xfixes.so.0.0.0
7fd1aaa2b000-7fd1aac2a000 ---p 00007000 fd:00 16848110                   /usr/lib64/libxcb-xfixes.so.0.0.0
7fd1aac2a000-7fd1aac2b000 r--p 00006000 fd:00 16848110                   /usr/lib64/libxcb-xfixes.so.0.0.0
7fd1aac2b000-7fd1aac2c000 rw-p 00007000 fd:00 16848110                   /usr/lib64/libxcb-xfixes.so.0.0.0
7fd1aac2c000-7fd1aac2e000 r-xp 00000000 fd:00 16848084                   /usr/lib64/libxcb-dri3.so.0.0.0
7fd1aac2e000-7fd1aae2d000 ---p 00002000 fd:00 16848084                   /usr/lib64/libxcb-dri3.so.0.0.0
7fd1aae2d000-7fd1aae2e000 r--p 00001000 fd:00 16848084                   /usr/lib64/libxcb-dri3.so.0.0.0
7fd1aae2e000-7fd1aae2f000 rw-p 00002000 fd:00 16848084                   /usr/lib64/libxcb-dri3.so.0.0.0
7fd1aae2f000-7fd1aae56000 r-xp 00000000 fd:00 16847867                   /usr/lib64/libexpat.so.1.6.0
7fd1aae56000-7fd1ab056000 ---p 00027000 fd:00 16847867                   /usr/lib64/libexpat.so.1.6.0
7fd1ab056000-7fd1ab058000 r--p 00027000 fd:00 16847867                   /usr/lib64/libexpat.so.1.6.0
7fd1ab058000-7fd1ab059000 rw-p 00029000 fd:00 16847867                   /usr/lib64/libexpat.so.1.6.0
7fd1ab059000-7fd1ab065000 r-xp 00000000 fd:00 16848094                   /usr/lib64/libxcb-render.so.0.0.0
7fd1ab065000-7fd1ab265000 ---p 0000c000 fd:00 16848094                   /usr/lib64/libxcb-render.so.0.0.0
7fd1ab265000-7fd1ab266000 r--p 0000c000 fd:00 16848094                   /usr/lib64/libxcb-render.so.0.0.0
7fd1ab266000-7fd1ab267000 rw-p 0000d000 fd:00 16848094                   /usr/lib64/libxcb-render.so.0.0.0
7fd1ab267000-7fd1ab28e000 r-xp 00000000 fd:00 16848126                   /usr/lib64/libxcb.so.1.1.0
7fd1ab28e000-7fd1ab48d000 ---p 00027000 fd:00 16848126                   /usr/lib64/libxcb.so.1.1.0
7fd1ab48d000-7fd1ab48e000 r--p 00026000 fd:00 16848126                   /usr/lib64/libxcb.so.1.1.0
7fd1ab48e000-7fd1ab48f000 rw-p 00027000 fd:00 16848126                   /usr/lib64/libxcb.so.1.1.0
7fd1ab48f000-7fd1ab491000 r-xp 00000000 fd:00 16848102                   /usr/lib64/libxcb-shm.so.0.0.0
7fd1ab491000-7fd1ab691000 ---p 00002000 fd:00 16848102                   /usr/lib64/libxcb-shm.so.0.0.0
7fd1ab691000-7fd1ab692000 r--p 00002000 fd:00 16848102                   /usr/lib64/libxcb-shm.so.0.0.0
7fd1ab692000-7fd1ab693000 rw-p 00003000 fd:00 16848102                   /usr/lib64/libxcb-shm.so.0.0.0
7fd1ab693000-7fd1ab6c7000 r-xp 00000000 fd:00 17817144                   /usr/lib64/libEGL.so.1.0.0
7fd1ab6c7000-7fd1ab8c6000 ---p 00034000 fd:00 17817144                   /usr/lib64/libEGL.so.1.0.0
7fd1ab8c6000-7fd1ab8c8000 r--p 00033000 fd:00 17817144                   /usr/lib64/libEGL.so.1.0.0
7fd1ab8c8000-7fd1ab8c9000 rw-p 00035000 fd:00 17817144                   /usr/lib64/libEGL.so.1.0.0
7fd1ab8c9000-7fd1ab969000 r-xp 00000000 fd:00 16848163                   /usr/lib64/libpixman-1.so.0.34.0
7fd1ab969000-7fd1abb69000 ---p 000a0000 fd:00 16848163                   /usr/lib64/libpixman-1.so.0.34.0
7fd1abb69000-7fd1abb71000 r--p 000a0000 fd:00 16848163                   /usr/lib64/libpixman-1.so.0.34.0
7fd1abb71000-7fd1abb72000 rw-p 000a8000 fd:00 16848163                   /usr/lib64/libpixman-1.so.0.34.0
7fd1abb72000-7fd1abb9b000 r-xp 00000000 fd:00 16847852                   /usr/lib64/libpng15.so.15.13.0
7fd1abb9b000-7fd1abd9b000 ---p 00029000 fd:00 16847852                   /usr/lib64/libpng15.so.15.13.0
7fd1abd9b000-7fd1abd9c000 r--p 00029000 fd:00 16847852                   /usr/lib64/libpng15.so.15.13.0
7fd1abd9c000-7fd1abd9d000 rw-p 0002a000 fd:00 16847852                   /usr/lib64/libpng15.so.15.13.0
7fd1abd9d000-7fd1abdfe000 r-xp 00000000 fd:00 17104207                   /usr/lib64/libharfbuzz.so.0.10302.0
7fd1abdfe000-7fd1abffe000 ---p 00061000 fd:00 17104207                   /usr/lib64/libharfbuzz.so.0.10302.0
7fd1abffe000-7fd1abfff000 r--p 00061000 fd:00 17104207                   /usr/lib64/libharfbuzz.so.0.10302.0
7fd1abfff000-7fd1ac000000 rw-p 00062000 fd:00 17104207                   /usr/lib64/libharfbuzz.so.0.10302.0
7fd1ac000000-7fd1ac021000 rw-p 00000000 00:00 0 
7fd1ac021000-7fd1b0000000 ---p 00000000 00:00 0 
7fd1b0000000-7fd1b22ea000 rw-p 00000000 00:00 0 
7fd1b22ea000-7fd1b4000000 ---p 00000000 00:00 0 
7fd1b4000000-7fd1b4684000 rw-p 00000000 00:00 0 
7fd1b4684000-7fd1b8000000 ---p 00000000 00:00 0 
7fd1b8000000-7fd1b8021000 rw-p 00000000 00:00 0 
7fd1b8021000-7fd1bc000000 ---p 00000000 00:00 0 
7fd1bc000000-7fd1bc990000 rw-p 00000000 00:00 0 
7fd1bc990000-7fd1c0000000 ---p 00000000 00:00 0 
7fd1c0000000-7fd1c0646000 rw-p 00000000 00:00 0 
7fd1c0646000-7fd1c4000000 ---p 00000000 00:00 0 
7fd1c4000000-7fd1c4021000 rw-p 00000000 00:00 0 
7fd1c4021000-7fd1c8000000 ---p 00000000 00:00 0 
7fd1c8000000-7fd1c803a000 r--p 00000000 fd:00 18296815                   /usr/java/jdk1.8.0_191-amd64/jre/lib/fonts/LucidaTypewriterBold.ttf
7fd1c803a000-7fd1c808f000 r--p 00000000 fd:00 18296812                   /usr/java/jdk1.8.0_191-amd64/jre/lib/fonts/LucidaBrightRegular.ttf
7fd1c808f000-7fd1c8092000 ---p 00000000 00:00 0 
7fd1c8092000-7fd1c8190000 rw-p 00000000 00:00 0 
7fd1c8190000-7fd1c819b000 r-xp 00000000 fd:00 17211665                   /usr/lib64/libthai.so.0.1.6
7fd1c819b000-7fd1c839a000 ---p 0000b000 fd:00 17211665                   /usr/lib64/libthai.so.0.1.6
7fd1c839a000-7fd1c839b000 r--p 0000a000 fd:00 17211665                   /usr/lib64/libthai.so.0.1.6
7fd1c839b000-7fd1c839c000 rw-p 0000b000 fd:00 17211665                   /usr/lib64/libthai.so.0.1.6
7fd1c839c000-7fd1c83b1000 r-xp 00000000 fd:00 16808687                   /usr/lib64/libgcc_s-4.8.5-20150702.so.1
7fd1c83b1000-7fd1c85b0000 ---p 00015000 fd:00 16808687                   /usr/lib64/libgcc_s-4.8.5-20150702.so.1
7fd1c85b0000-7fd1c85b1000 r--p 00014000 fd:00 16808687                   /usr/lib64/libgcc_s-4.8.5-20150702.so.1
7fd1c85b1000-7fd1c85b2000 rw-p 00015000 fd:00 16808687                   /usr/lib64/libgcc_s-4.8.5-20150702.so.1
7fd1c85b2000-7fd1c85f1000 r-xp 00000000 fd:00 16848317                   /usr/lib64/libmount.so.1.1.0
7fd1c85f1000-7fd1c87f1000 ---p 0003f000 fd:00 16848317                   /usr/lib64/libmount.so.1.1.0
7fd1c87f1000-7fd1c87f2000 r--p 0003f000 fd:00 16848317                   /usr/lib64/libmount.so.1.1.0
7fd1c87f2000-7fd1c87f3000 rw-p 00040000 fd:00 16848317                   /usr/lib64/libmount.so.1.1.0
7fd1c87f3000-7fd1c87f4000 rw-p 00000000 00:00 0 
7fd1c87f4000-7fd1c880a000 r-xp 00000000 fd:00 16847432                   /usr/lib64/libresolv-2.17.so
7fd1c880a000-7fd1c8a09000 ---p 00016000 fd:00 16847432                   /usr/lib64/libresolv-2.17.so
7fd1c8a09000-7fd1c8a0a000 r--p 00015000 fd:00 16847432                   /usr/lib64/libresolv-2.17.so
7fd1c8a0a000-7fd1c8a0b000 rw-p 00016000 fd:00 16847432                   /usr/lib64/libresolv-2.17.so
7fd1c8a0b000-7fd1c8a0d000 rw-p 00000000 00:00 0 
7fd1c8a0d000-7fd1c8a31000 r-xp 00000000 fd:00 17929049                   /usr/lib64/libselinux.so.1
7fd1c8a31000-7fd1c8c30000 ---p 00024000 fd:00 17929049                   /usr/lib64/libselinux.so.1
7fd1c8c30000-7fd1c8c31000 r--p 00023000 fd:00 17929049                   /usr/lib64/libselinux.so.1
7fd1c8c31000-7fd1c8c32000 rw-p 00024000 fd:00 17929049                   /usr/lib64/libselinux.so.1
7fd1c8c32000-7fd1c8c34000 rw-p 00000000 00:00 0 
7fd1c8c34000-7fd1c8c49000 r-xp 00000000 fd:00 16847463                   /usr/lib64/libz.so.1.2.7
7fd1c8c49000-7fd1c8e48000 ---p 00015000 fd:00 16847463                   /usr/lib64/libz.so.1.2.7
7fd1c8e48000-7fd1c8e49000 r--p 00014000 fd:00 16847463                   /usr/lib64/libz.so.1.2.7
7fd1c8e49000-7fd1c8e4a000 rw-p 00015000 fd:00 16847463                   /usr/lib64/libz.so.1.2.7
7fd1c8e4a000-7fd1c8eaa000 r-xp 00000000 fd:00 16847518                   /usr/lib64/libpcre.so.1.2.0
7fd1c8eaa000-7fd1c90aa000 ---p 00060000 fd:00 16847518                   /usr/lib64/libpcre.so.1.2.0
7fd1c90aa000-7fd1c90ab000 r--p 00060000 fd:00 16847518                   /usr/lib64/libpcre.so.1.2.0
7fd1c90ab000-7fd1c90ac000 rw-p 00061000 fd:00 16847518                   /usr/lib64/libpcre.so.1.2.0
7fd1c90ac000-7fd1c90b3000 r-xp 00000000 fd:00 16847599                   /usr/lib64/libffi.so.6.0.1
7fd1c90b3000-7fd1c92b2000 ---p 00007000 fd:00 16847599                   /usr/lib64/libffi.so.6.0.1
7fd1c92b2000-7fd1c92b3000 r--p 00006000 fd:00 16847599                   /usr/lib64/libffi.so.6.0.1
7fd1c92b3000-7fd1c92b4000 rw-p 00007000 fd:00 16847599                   /usr/lib64/libffi.so.6.0.1
7fd1c92b4000-7fd1c92c5000 r-xp 00000000 fd:00 16848132                   /usr/lib64/libXext.so.6.4.0
7fd1c92c5000-7fd1c94c4000 ---p 00011000 fd:00 16848132                   /usr/lib64/libXext.so.6.4.0
7fd1c94c4000-7fd1c94c5000 r--p 00010000 fd:00 16848132                   /usr/lib64/libXext.so.6.4.0
7fd1c94c5000-7fd1c94c6000 rw-p 00011000 fd:00 16848132                   /usr/lib64/libXext.so.6.4.0
7fd1c94c6000-7fd1c94c8000 r-xp 00000000 fd:00 16848140                   /usr/lib64/libXdamage.so.1.1.0
7fd1c94c8000-7fd1c96c7000 ---p 00002000 fd:00 16848140                   /usr/lib64/libXdamage.so.1.1.0
7fd1c96c7000-7fd1c96c8000 r--p 00001000 fd:00 16848140                   /usr/lib64/libXdamage.so.1.1.0
7fd1c96c8000-7fd1c96c9000 rw-p 00002000 fd:00 16848140                   /usr/lib64/libXdamage.so.1.1.0
7fd1c96c9000-7fd1c96cb000 r-xp 00000000 fd:00 16848142                   /usr/lib64/libXcomposite.so.1.0.0
7fd1c96cb000-7fd1c98ca000 ---p 00002000 fd:00 16848142                   /usr/lib64/libXcomposite.so.1.0.0
7fd1c98ca000-7fd1c98cb000 r--p 00001000 fd:00 16848142                   /usr/lib64/libXcomposite.so.1.0.0
7fd1c98cb000-7fd1c98cc000 rw-p 00002000 fd:00 16848142                   /usr/lib64/libXcomposite.so.1.0.0
7fd1c98cc000-7fd1c98d6000 r-xp 00000000 fd:00 16848243                   /usr/lib64/libXcursor.so.1.0.2
7fd1c98d6000-7fd1c9ad5000 ---p 0000a000 fd:00 16848243                   /usr/lib64/libXcursor.so.1.0.2
7fd1c9ad5000-7fd1c9ad6000 r--p 00009000 fd:00 16848243                   /usr/lib64/libXcursor.so.1.0.2
7fd1c9ad6000-7fd1c9ad7000 rw-p 0000a000 fd:00 16848243                   /usr/lib64/libXcursor.so.1.0.2
7fd1c9ad7000-7fd1d0000000 r--p 00000000 fd:00 33636969                   /usr/lib/locale/locale-archive
7fd1d0000000-7fd1d0021000 rw-p 00000000 00:00 0 
7fd1d0021000-7fd1d4000000 ---p 00000000 00:00 0 
7fd1d4000000-7fd1d4021000 rw-p 00000000 00:00 0 
7fd1d4021000-7fd1d8000000 ---p 00000000 00:00 0 
7fd1d8000000-7fd1d8021000 rw-p 00000000 00:00 0 
7fd1d8021000-7fd1dc000000 ---p 00000000 00:00 0 
7fd1dc000000-7fd1dc021000 rw-p 00000000 00:00 0 
7fd1dc021000-7fd1e0000000 ---p 00000000 00:00 0 
7fd1e0000000-7fd1e0021000 rw-p 00000000 00:00 0 
7fd1e0021000-7fd1e4000000 ---p 00000000 00:00 0 
7fd1e4001000-7fd1e4002000 rw-p 00000000 00:00 0 
7fd1e4002000-7fd1e4003000 rw-s 00000000 00:04 226975                     /drm mm object (deleted)
7fd1e4003000-7fd1e4005000 rw-s 00000000 00:04 229220                     /drm mm object (deleted)
7fd1e4005000-7fd1e400d000 rw-s 00000000 00:04 226137                     /drm mm object (deleted)
7fd1e400d000-7fd1e4019000 rw-s 00000000 00:04 226978                     /drm mm object (deleted)
7fd1e4019000-7fd1e402e000 r--s 000ff000 fd:00 4148307                    /usr/java/jdk1.8.0_191-amd64/jre/lib/resources.jar
7fd1e402e000-7fd1e4034000 r--s 0003e000 fd:00 2555420                    /usr/java/jdk1.8.0_191-amd64/jre/lib/jfr.jar
7fd1e4034000-7fd1e4048000 r--p 00000000 fd:00 18296811                   /usr/java/jdk1.8.0_191-amd64/jre/lib/fonts/LucidaBrightItalic.ttf
7fd1e4048000-7fd1e405b000 r--p 00000000 fd:00 18296810                   /usr/java/jdk1.8.0_191-amd64/jre/lib/fonts/LucidaBrightDemiItalic.ttf
7fd1e405b000-7fd1e406e000 r--p 00000000 fd:00 18296809                   /usr/java/jdk1.8.0_191-amd64/jre/lib/fonts/LucidaBrightDemiBold.ttf
7fd1e406e000-7fd1e4070000 r--s 00000000 fd:00 376610                     /var/cache/fontconfig/87f5e051180a7a75f16eb6fe7dbd3749-le64.cache-4
7fd1e4070000-7fd1e407b000 r--s 00000000 fd:00 376607                     /var/cache/fontconfig/b79f3aaa7d385a141ab53ec885cc22a8-le64.cache-4
7fd1e407b000-7fd1e407e000 r--s 00000000 fd:00 2150147                    /var/cache/fontconfig/0b1bcc92b4d25cc154d77dafe3bceaa0-le64.cache-4
7fd1e407e000-7fd1e4080000 r--s 00000000 fd:00 2216477                    /var/cache/fontconfig/711dae798b6bff4224ea2776edcb5c93-le64.cache-4
7fd1e4080000-7fd1e4082000 r--s 00000000 fd:00 2216471                    /var/cache/fontconfig/2e1514a9fdd499050989183bb65136db-le64.cache-4
7fd1e4082000-7fd1e408c000 r--s 00000000 fd:00 2150207                    /var/cache/fontconfig/75726aeed9fe8691fd29315754d820cc-le64.cache-4
7fd1e408c000-7fd1e408e000 r--s 00000000 fd:00 2150173                    /var/cache/fontconfig/3f821257dd33660ba7bbb45c32deb84c-le64.cache-4
7fd1e408e000-7fd1e4091000 r--s 00000000 fd:00 2150184                    /var/cache/fontconfig/830f035fa84a65ce80e050178dbb630d-le64.cache-4
7fd1e4091000-7fd1e4092000 r--s 00000000 fd:00 2216469                    /var/cache/fontconfig/81a173283b451552b599cfaafd6236bd-le64.cache-4
7fd1e4092000-7fd1e4093000 r--s 00000000 fd:00 2221353                    /var/cache/fontconfig/ac68f755438cc3dc5a526084839fc7ca-le64.cache-4
7fd1e4093000-7fd1e4094000 r--s 00000000 fd:00 2216456                    /var/cache/fontconfig/f951a6bc01c50d58ac4af16a0108457e-le64.cache-4
7fd1e4094000-7fd1e4095000 r--s 00000000 fd:00 2216448                    /var/cache/fontconfig/12513961c6e7090f8648812f9eaf65d6-le64.cache-4
7fd1e4095000-7fd1e4098000 r--s 00000000 fd:00 2150172                    /var/cache/fontconfig/e26bf336397aae6fcef4d3803472adec-le64.cache-4
7fd1e4098000-7fd1e4099000 r--s 00000000 fd:00 2150182                    /var/cache/fontconfig/f132fa2327207a6ac3298c0518879731-le64.cache-4
7fd1e4099000-7fd1e409c000 r--s 00000000 fd:00 2150178                    /var/cache/fontconfig/0fef740e1edd47736fa2cccff935ab7c-le64.cache-4
7fd1e409c000-7fd1e409d000 r--s 00000000 fd:00 1143348                    /var/cache/fontconfig/6fcb01a03a016cc71057b587cdea6709-le64.cache-4
7fd1e409d000-7fd1e40a1000 r--s 00000000 fd:00 2216489                    /var/cache/fontconfig/29c8f5b6bf15d25ebb2e963855ab41be-le64.cache-4
7fd1e40a1000-7fd1e40a4000 r--s 00000000 fd:00 2127292                    /var/cache/fontconfig/e0636055caa850f70f1a6db008fc4729-le64.cache-4
7fd1e40a4000-7fd1e40a5000 r--s 00000000 fd:00 2150170                    /var/cache/fontconfig/46d51d90fe9d963f6f4186edb936a931-le64.cache-4
7fd1e40a5000-7fd1e40a6000 r--s 00000000 fd:00 2216475                    /var/cache/fontconfig/b887eea8f1b96e1d899b44ed6681fc27-le64.cache-4
7fd1e40a6000-7fd1e40a7000 r--s 00000000 fd:00 2216465                    /var/cache/fontconfig/860639f272b8b4b3094f9e399e41bccd-le64.cache-4
7fd1e40a7000-7fd1e40a8000 r--s 00000000 fd:00 2216487                    /var/cache/fontconfig/211368abcb0ff835c229ff05c9ec01dc-le64.cache-4
7fd1e40a8000-7fd1e40a9000 r--s 00000000 fd:00 2150156                    /var/cache/fontconfig/c46020d7221988a13df853d2b46304fc-le64.cache-4
7fd1e40a9000-7fd1e40aa000 r--s 00000000 fd:00 2150201                    /var/cache/fontconfig/d759ee9cd048e494517a1be23d25a662-le64.cache-4
7fd1e40aa000-7fd1e40ab000 r--s 00000000 fd:00 2216481                    /var/cache/fontconfig/d290456e58f67f52b0f8f224126f9ea8-le64.cache-4
7fd1e40ab000-7fd1e40ac000 r--s 00000000 fd:00 2216483                    /var/cache/fontconfig/fa2b533b7056bdadb961f088bc0a978b-le64.cache-4
7fd1e40ac000-7fd1e40ad000 r--s 00000000 fd:00 2150203                    /var/cache/fontconfig/df893b4576ad6107f9397134092c4059-le64.cache-4
7fd1e40ad000-7fd1e40ae000 r--s 00000000 fd:00 2127294                    /var/cache/fontconfig/900402270e15d763a6e008bb2d4c7686-le64.cache-4
7fd1e40ae000-7fd1e40af000 r--s 00000000 fd:00 2150166                    /var/cache/fontconfig/47f48679023f44a4d1e44699a69464f6-le64.cache-4
7fd1e40af000-7fd1e40b0000 r--s 00000000 fd:00 2150158                    /var/cache/fontconfig/2881ed3fd21ca306ddad6f9b0dd3189f-le64.cache-4
7fd1e40b0000-7fd1e40b1000 r--s 00000000 fd:00 2150188                    /var/cache/fontconfig/3c3fb04d32a5211b073874b125d29701-le64.cache-4
7fd1e40b1000-7fd1e40b2000 r--s 00000000 fd:00 2150190                    /var/cache/fontconfig/e61abf8156cc476151baa07d67337cae-le64.cache-4
7fd1e40b2000-7fd1e40b7000 r--s 00000000 fd:00 1143345                    /var/cache/fontconfig/b67b32625a2bb51b023d3814a918f351-le64.cache-4
7fd1e40b7000-7fd1e40ca000 r--s 00000000 fd:00 2221355                    /var/cache/fontconfig/614d1caaa4d7914789410f6367de37ca-le64.cache-4
7fd1e40ca000-7fd1e40d5000 r--s 00000000 fd:00 1140157                    /var/cache/fontconfig/12b26b760a24f8b4feb03ad48a333a72-le64.cache-4
7fd1e40d5000-7fd1e40dd000 r--s 00000000 fd:00 2216463                    /var/cache/fontconfig/928306c3ad40271d946e41014a49fc28-le64.cache-4
7fd1e40dd000-7fd1e40f8000 r--s 004a0000 fd:00 2555417                    /usr/java/jdk1.8.0_191-amd64/jre/lib/deploy.jar
7fd1e40f8000-7fd1e4102000 r-xp 00000000 fd:00 16848146                   /usr/lib64/libXrandr.so.2.2.0
7fd1e4102000-7fd1e4301000 ---p 0000a000 fd:00 16848146                   /usr/lib64/libXrandr.so.2.2.0
7fd1e4301000-7fd1e4302000 r--p 00009000 fd:00 16848146                   /usr/lib64/libXrandr.so.2.2.0
7fd1e4302000-7fd1e4303000 rw-p 0000a000 fd:00 16848146                   /usr/lib64/libXrandr.so.2.2.0
7fd1e4303000-7fd1e4312000 r-xp 00000000 fd:00 16848136                   /usr/lib64/libXi.so.6.1.0
7fd1e4312000-7fd1e4511000 ---p 0000f000 fd:00 16848136                   /usr/lib64/libXi.so.6.1.0
7fd1e4511000-7fd1e4512000 r--p 0000e000 fd:00 16848136                   /usr/lib64/libXi.so.6.1.0
7fd1e4512000-7fd1e4513000 rw-p 0000f000 fd:00 16848136                   /usr/lib64/libXi.so.6.1.0
7fd1e4513000-7fd1e4515000 r-xp 00000000 fd:00 16848153                   /usr/lib64/libXinerama.so.1.0.0
7fd1e4515000-7fd1e4714000 ---p 00002000 fd:00 16848153                   /usr/lib64/libXinerama.so.1.0.0
7fd1e4714000-7fd1e4715000 r--p 00001000 fd:00 16848153                   /usr/lib64/libXinerama.so.1.0.0
7fd1e4715000-7fd1e4716000 rw-p 00002000 fd:00 16848153                   /usr/lib64/libXinerama.so.1.0.0
7fd1e4716000-7fd1e471f000 r-xp 00000000 fd:00 16848144                   /usr/lib64/libXrender.so.1.3.0
7fd1e471f000-7fd1e491f000 ---p 00009000 fd:00 16848144                   /usr/lib64/libXrender.so.1.3.0
7fd1e491f000-7fd1e4920000 r--p 00009000 fd:00 16848144                   /usr/lib64/libXrender.so.1.3.0
7fd1e4920000-7fd1e4921000 rw-p 0000a000 fd:00 16848144                   /usr/lib64/libXrender.so.1.3.0
7fd1e4921000-7fd1e4926000 r-xp 00000000 fd:00 16848134                   /usr/lib64/libXfixes.so.3.1.0
7fd1e4926000-7fd1e4b25000 ---p 00005000 fd:00 16848134                   /usr/lib64/libXfixes.so.3.1.0
7fd1e4b25000-7fd1e4b26000 r--p 00004000 fd:00 16848134                   /usr/lib64/libXfixes.so.3.1.0
7fd1e4b26000-7fd1e4b27000 rw-p 00005000 fd:00 16848134                   /usr/lib64/libXfixes.so.3.1.0
7fd1e4b27000-7fd1e4b95000 r-xp 00000000 fd:00 17817146                   /usr/lib64/libGL.so.1.2.0
7fd1e4b95000-7fd1e4d94000 ---p 0006e000 fd:00 17817146                   /usr/lib64/libGL.so.1.2.0
7fd1e4d94000-7fd1e4d97000 r--p 0006d000 fd:00 17817146                   /usr/lib64/libGL.so.1.2.0
7fd1e4d97000-7fd1e4d98000 rw-p 00070000 fd:00 17817146                   /usr/lib64/libGL.so.1.2.0
7fd1e4d98000-7fd1e4d99000 rw-p 00000000 00:00 0 
7fd1e4d99000-7fd1e4d9e000 r-xp 00000000 fd:00 16989829                   /usr/lib64/libXxf86vm.so.1.0.0
7fd1e4d9e000-7fd1e4f9d000 ---p 00005000 fd:00 16989829                   /usr/lib64/libXxf86vm.so.1.0.0
7fd1e4f9d000-7fd1e4f9e000 r--p 00004000 fd:00 16989829                   /usr/lib64/libXxf86vm.so.1.0.0
7fd1e4f9e000-7fd1e4f9f000 rw-p 00005000 fd:00 16989829                   /usr/lib64/libXxf86vm.so.1.0.0
7fd1e4f9f000-7fd1e50d7000 r-xp 00000000 fd:00 16848130                   /usr/lib64/libX11.so.6.3.0
7fd1e50d7000-7fd1e52d7000 ---p 00138000 fd:00 16848130                   /usr/lib64/libX11.so.6.3.0
7fd1e52d7000-7fd1e52d8000 r--p 00138000 fd:00 16848130                   /usr/lib64/libX11.so.6.3.0
7fd1e52d8000-7fd1e52dd000 rw-p 00139000 fd:00 16848130                   /usr/lib64/libX11.so.6.3.0
7fd1e52dd000-7fd1e52e2000 r-xp 00000000 fd:00 16848151                   /usr/lib64/libXtst.so.6.1.0
7fd1e52e2000-7fd1e54e1000 ---p 00005000 fd:00 16848151                   /usr/lib64/libXtst.so.6.1.0
7fd1e54e1000-7fd1e54e2000 r--p 00004000 fd:00 16848151                   /usr/lib64/libXtst.so.6.1.0
7fd1e54e2000-7fd1e54e3000 rw-p 00005000 fd:00 16848151                   /usr/lib64/libXtst.so.6.1.0
7fd1e54e3000-7fd1e55f4000 r-xp 00000000 fd:00 16848322                   /usr/lib64/libglib-2.0.so.0.5400.2
7fd1e55f4000-7fd1e57f4000 ---p 00111000 fd:00 16848322                   /usr/lib64/libglib-2.0.so.0.5400.2
7fd1e57f4000-7fd1e57f5000 r--p 00111000 fd:00 16848322                   /usr/lib64/libglib-2.0.so.0.5400.2
7fd1e57f5000-7fd1e57f6000 rw-p 00112000 fd:00 16848322                   /usr/lib64/libglib-2.0.so.0.5400.2
7fd1e57f6000-7fd1e57f7000 rw-p 00000000 00:00 0 
7fd1e57f7000-7fd1e57f8000 r-xp 00000000 fd:00 16848328                   /usr/lib64/libgthread-2.0.so.0.5400.2
7fd1e57f8000-7fd1e59f7000 ---p 00001000 fd:00 16848328                   /usr/lib64/libgthread-2.0.so.0.5400.2
7fd1e59f7000-7fd1e59f8000 r--p 00000000 fd:00 16848328                   /usr/lib64/libgthread-2.0.so.0.5400.2
7fd1e59f8000-7fd1e59f9000 rw-p 00001000 fd:00 16848328                   /usr/lib64/libgthread-2.0.so.0.5400.2
7fd1e59f9000-7fd1e59fc000 r-xp 00000000 fd:00 16848324                   /usr/lib64/libgmodule-2.0.so.0.5400.2
7fd1e59fc000-7fd1e5bfb000 ---p 00003000 fd:00 16848324                   /usr/lib64/libgmodule-2.0.so.0.5400.2
7fd1e5bfb000-7fd1e5bfc000 r--p 00002000 fd:00 16848324                   /usr/lib64/libgmodule-2.0.so.0.5400.2
7fd1e5bfc000-7fd1e5bfd000 rw-p 00003000 fd:00 16848324                   /usr/lib64/libgmodule-2.0.so.0.5400.2
7fd1e5bfd000-7fd1e5c4c000 r-xp 00000000 fd:00 16848326                   /usr/lib64/libgobject-2.0.so.0.5400.2
7fd1e5c4c000-7fd1e5e4c000 ---p 0004f000 fd:00 16848326                   /usr/lib64/libgobject-2.0.so.0.5400.2
7fd1e5e4c000-7fd1e5e4d000 r--p 0004f000 fd:00 16848326                   /usr/lib64/libgobject-2.0.so.0.5400.2
7fd1e5e4d000-7fd1e5e4e000 rw-p 00050000 fd:00 16848326                   /usr/lib64/libgobject-2.0.so.0.5400.2
7fd1e5e4e000-7fd1e5e88000 r-xp 00000000 fd:00 17118866                   /usr/lib64/libfontconfig.so.1.7.0
7fd1e5e88000-7fd1e6088000 ---p 0003a000 fd:00 17118866                   /usr/lib64/libfontconfig.so.1.7.0
7fd1e6088000-7fd1e608a000 r--p 0003a000 fd:00 17118866                   /usr/lib64/libfontconfig.so.1.7.0
7fd1e608a000-7fd1e608b000 rw-p 0003c000 fd:00 17118866                   /usr/lib64/libfontconfig.so.1.7.0
7fd1e608b000-7fd1e612b000 r-xp 00000000 fd:00 16847841                   /usr/lib64/libfreetype.so.6.10.0
7fd1e612b000-7fd1e632a000 ---p 000a0000 fd:00 16847841                   /usr/lib64/libfreetype.so.6.10.0
7fd1e632a000-7fd1e6330000 r--p 0009f000 fd:00 16847841                   /usr/lib64/libfreetype.so.6.10.0
7fd1e6330000-7fd1e6331000 rw-p 000a5000 fd:00 16847841                   /usr/lib64/libfreetype.so.6.10.0
7fd1e6331000-7fd1e6379000 r-xp 00000000 fd:00 17828964                   /usr/lib64/libpango-1.0.so.0.4000.4
7fd1e6379000-7fd1e6579000 ---p 00048000 fd:00 17828964                   /usr/lib64/libpango-1.0.so.0.4000.4
7fd1e6579000-7fd1e657b000 r--p 00048000 fd:00 17828964                   /usr/lib64/libpango-1.0.so.0.4000.4
7fd1e657b000-7fd1e657c000 rw-p 0004a000 fd:00 17828964                   /usr/lib64/libpango-1.0.so.0.4000.4
7fd1e657c000-7fd1e669e000 r-xp 00000000 fd:00 17817150                   /usr/lib64/libcairo.so.2.11400.8
7fd1e669e000-7fd1e689e000 ---p 00122000 fd:00 17817150                   /usr/lib64/libcairo.so.2.11400.8
7fd1e689e000-7fd1e68a1000 r--p 00122000 fd:00 17817150                   /usr/lib64/libcairo.so.2.11400.8
7fd1e68a1000-7fd1e68a3000 rw-p 00125000 fd:00 17817150                   /usr/lib64/libcairo.so.2.11400.8
7fd1e68a3000-7fd1e68a4000 rw-p 00000000 00:00 0 
7fd1e68a4000-7fd1e68b0000 r-xp 00000000 fd:00 17828966                   /usr/lib64/libpangocairo-1.0.so.0.4000.4
7fd1e68b0000-7fd1e6aaf000 ---p 0000c000 fd:00 17828966                   /usr/lib64/libpangocairo-1.0.so.0.4000.4
7fd1e6aaf000-7fd1e6ab0000 r--p 0000b000 fd:00 17828966                   /usr/lib64/libpangocairo-1.0.so.0.4000.4
7fd1e6ab0000-7fd1e6ab1000 rw-p 0000c000 fd:00 17828966                   /usr/lib64/libpangocairo-1.0.so.0.4000.4
7fd1e6ab1000-7fd1e6ad7000 r-xp 00000000 fd:00 17658887                   /usr/lib64/libgdk_pixbuf-2.0.so.0.3600.5
7fd1e6ad7000-7fd1e6cd7000 ---p 00026000 fd:00 17658887                   /usr/lib64/libgdk_pixbuf-2.0.so.0.3600.5
7fd1e6cd7000-7fd1e6cd8000 r--p 00026000 fd:00 17658887                   /usr/lib64/libgdk_pixbuf-2.0.so.0.3600.5
7fd1e6cd8000-7fd1e6cd9000 rw-p 00027000 fd:00 17658887                   /usr/lib64/libgdk_pixbuf-2.0.so.0.3600.5
7fd1e6cd9000-7fd1e6ced000 r-xp 00000000 fd:00 17828968                   /usr/lib64/libpangoft2-1.0.so.0.4000.4
7fd1e6ced000-7fd1e6eed000 ---p 00014000 fd:00 17828968                   /usr/lib64/libpangoft2-1.0.so.0.4000.4
7fd1e6eed000-7fd1e6eee000 r--p 00014000 fd:00 17828968                   /usr/lib64/libpangoft2-1.0.so.0.4000.4
7fd1e6eee000-7fd1e6eef000 rw-p 00015000 fd:00 17828968                   /usr/lib64/libpangoft2-1.0.so.0.4000.4
7fd1e6eef000-7fd1e7081000 r-xp 00000000 fd:00 16848320                   /usr/lib64/libgio-2.0.so.0.5400.2
7fd1e7081000-7fd1e7281000 ---p 00192000 fd:00 16848320                   /usr/lib64/libgio-2.0.so.0.5400.2
7fd1e7281000-7fd1e7286000 r--p 00192000 fd:00 16848320                   /usr/lib64/libgio-2.0.so.0.5400.2
7fd1e7286000-7fd1e7289000 rw-p 00197000 fd:00 16848320                   /usr/lib64/libgio-2.0.so.0.5400.2
7fd1e7289000-7fd1e728a000 rw-p 00000000 00:00 0 
7fd1e728a000-7fd1e72ad000 r-xp 00000000 fd:00 16848348                   /usr/lib64/libatk-1.0.so.0.22209.1
7fd1e72ad000-7fd1e74ac000 ---p 00023000 fd:00 16848348                   /usr/lib64/libatk-1.0.so.0.22209.1
7fd1e74ac000-7fd1e74af000 r--p 00022000 fd:00 16848348                   /usr/lib64/libatk-1.0.so.0.22209.1
7fd1e74af000-7fd1e74b0000 rw-p 00025000 fd:00 16848348                   /usr/lib64/libatk-1.0.so.0.22209.1
7fd1e74b0000-7fd1e756c000 r-xp 00000000 fd:00 17829016                   /usr/lib64/libgdk-x11-2.0.so.0.2400.31
7fd1e756c000-7fd1e776b000 ---p 000bc000 fd:00 17829016                   /usr/lib64/libgdk-x11-2.0.so.0.2400.31
7fd1e776b000-7fd1e776f000 r--p 000bb000 fd:00 17829016                   /usr/lib64/libgdk-x11-2.0.so.0.2400.31
7fd1e776f000-7fd1e7771000 rw-p 000bf000 fd:00 17829016                   /usr/lib64/libgdk-x11-2.0.so.0.2400.31
7fd1e7771000-7fd1e7be6000 r-xp 00000000 fd:00 17829018                   /usr/lib64/libgtk-x11-2.0.so.0.2400.31
7fd1e7be6000-7fd1e7de5000 ---p 00475000 fd:00 17829018                   /usr/lib64/libgtk-x11-2.0.so.0.2400.31
7fd1e7de5000-7fd1e7dec000 r--p 00474000 fd:00 17829018                   /usr/lib64/libgtk-x11-2.0.so.0.2400.31
7fd1e7dec000-7fd1e7df0000 rw-p 0047b000 fd:00 17829018                   /usr/lib64/libgtk-x11-2.0.so.0.2400.31
7fd1e7df0000-7fd1e7df3000 rw-p 00000000 00:00 0 
7fd1e7df3000-7fd1e7dff000 r-xp 00000000 fd:00 18296771                   /usr/java/jdk1.8.0_191-amd64/jre/lib/amd64/libprism_es2.so
7fd1e7dff000-7fd1e7ffe000 ---p 0000c000 fd:00 18296771                   /usr/java/jdk1.8.0_191-amd64/jre/lib/amd64/libprism_es2.so
7fd1e7ffe000-7fd1e7fff000 r--p 0000b000 fd:00 18296771                   /usr/java/jdk1.8.0_191-amd64/jre/lib/amd64/libprism_es2.so
7fd1e7fff000-7fd1e8000000 rw-p 0000c000 fd:00 18296771                   /usr/java/jdk1.8.0_191-amd64/jre/lib/amd64/libprism_es2.so
7fd1e8000000-7fd1e8021000 rw-p 00000000 00:00 0 
7fd1e8021000-7fd1ec000000 ---p 00000000 00:00 0 
7fd1ec000000-7fd1ec002000 r--s 00000000 fd:00 2150164                    /var/cache/fontconfig/d3379abda271c4acd2ad0c01f565d0b0-le64.cache-4
7fd1ec002000-7fd1ec015000 r--s 001a7000 fd:00 5918938                    /usr/java/jdk1.8.0_191-amd64/jre/lib/plugin.jar
7fd1ec015000-7fd1ec01f000 r--s 000e2000 fd:00 5918939                    /usr/java/jdk1.8.0_191-amd64/jre/lib/javaws.jar
7fd1ec01f000-7fd1ec022000 ---p 00000000 00:00 0 
7fd1ec022000-7fd1ec120000 rw-p 00000000 00:00 0 
7fd1ec120000-7fd1ec123000 ---p 00000000 00:00 0 
7fd1ec123000-7fd1ec221000 rw-p 00000000 00:00 0 
7fd1ec221000-7fd1ec2b6000 r--s 007c0000 fd:00 2505277                    /usr/java/jdk1.8.0_191-amd64/jre/lib/ext/jfxrt.jar
7fd1ec2b6000-7fd1ec2b7000 ---p 00000000 00:00 0 
7fd1ec2b7000-7fd1ec3b7000 rw-p 00000000 00:00 0 
7fd1ec3b7000-7fd1ec3ba000 ---p 00000000 00:00 0 
7fd1ec3ba000-7fd1ec4b8000 rw-p 00000000 00:00 0 
7fd1ec4b8000-7fd1ec4bc000 ---p 00000000 00:00 0 
7fd1ec4bc000-7fd1ec5b9000 rw-p 00000000 00:00 0 
7fd1ec5b9000-7fd1ec5bd000 ---p 00000000 00:00 0 
7fd1ec5bd000-7fd1ec6ba000 rw-p 00000000 00:00 0 
7fd1ec6ba000-7fd1ec6be000 ---p 00000000 00:00 0 
7fd1ec6be000-7fd1ec7bb000 rw-p 00000000 00:00 0 
7fd1ec7bb000-7fd1ec7be000 ---p 00000000 00:00 0 
7fd1ec7be000-7fd1ec8bc000 rw-p 00000000 00:00 0 
7fd1ec8bc000-7fd1ec8bf000 ---p 00000000 00:00 0 
7fd1ec8bf000-7fd1ec9bd000 rw-p 00000000 00:00 0 
7fd1ec9bd000-7fd1ec9c0000 ---p 00000000 00:00 0 
7fd1ec9c0000-7fd1ecabe000 rw-p 00000000 00:00 0 
7fd1ecabe000-7fd1ecabf000 ---p 00000000 00:00 0 
7fd1ecabf000-7fd1f0000000 rw-p 00000000 00:00 0 
7fd1f0000000-7fd1f0021000 rw-p 00000000 00:00 0 
7fd1f0021000-7fd1f4000000 ---p 00000000 00:00 0 
7fd1f4000000-7fd1f4002000 r--s 00000000 fd:00 1143350                    /var/cache/fontconfig/99a1ce9f8b6a0434aadb01d3779b0780-le64.cache-4
7fd1f4002000-7fd1f4004000 r--s 00000000 fd:00 1143342                    /var/cache/fontconfig/f9d379b867d7c69c85310a4f24e5228f-le64.cache-4
7fd1f4004000-7fd1f4008000 r--s 00000000 fd:00 489855                     /var/cache/fontconfig/beeeeb3dfe132a8a0633a017c99ce0c0-le64.cache-4
7fd1f4008000-7fd1f4010000 rw-s 00000000 00:04 226977                     /drm mm object (deleted)
7fd1f4010000-7fd1f4031000 rw-p 00000000 00:00 0 
7fd1f4031000-7fd1f420b000 r--s 03d24000 fd:00 5918940                    /usr/java/jdk1.8.0_191-amd64/jre/lib/rt.jar
7fd1f420b000-7fd1f4450000 rw-p 00000000 00:00 0 
7fd1f4450000-7fd1f4451000 ---p 00000000 00:00 0 
7fd1f4451000-7fd1f4551000 rw-p 00000000 00:00 0 
7fd1f4551000-7fd1f4552000 ---p 00000000 00:00 0 
7fd1f4552000-7fd1f4652000 rw-p 00000000 00:00 0 
7fd1f4652000-7fd1f4653000 ---p 00000000 00:00 0 
7fd1f4653000-7fd1f4753000 rw-p 00000000 00:00 0 
7fd1f4753000-7fd1f4754000 ---p 00000000 00:00 0 
7fd1f4754000-7fd1f4868000 rw-p 00000000 00:00 0 
7fd1f4868000-7fd1f4988000 ---p 00000000 00:00 0 
7fd1f4988000-7fd1f499a000 rw-p 00000000 00:00 0 
7fd1f499a000-7fd1f4a23000 ---p 00000000 00:00 0 
7fd1f4a23000-7fd1f4a41000 rw-p 00000000 00:00 0 
7fd1f4a41000-7fd1f4de4000 ---p 00000000 00:00 0 
7fd1f4de4000-7fd1f5514000 rwxp 00000000 00:00 0 
7fd1f5514000-7fd203de4000 ---p 00000000 00:00 0 
7fd203de4000-7fd203dfe000 r-xp 00000000 fd:00 18296781                   /usr/java/jdk1.8.0_191-amd64/jre/lib/amd64/libzip.so
7fd203dfe000-7fd203ffe000 ---p 0001a000 fd:00 18296781                   /usr/java/jdk1.8.0_191-amd64/jre/lib/amd64/libzip.so
7fd203ffe000-7fd203fff000 r--p 0001a000 fd:00 18296781                   /usr/java/jdk1.8.0_191-amd64/jre/lib/amd64/libzip.so
7fd203fff000-7fd204000000 rw-p 0001b000 fd:00 18296781                   /usr/java/jdk1.8.0_191-amd64/jre/lib/amd64/libzip.so
7fd204000000-7fd204430000 rw-p 00000000 00:00 0 
7fd204430000-7fd208000000 ---p 00000000 00:00 0 
7fd208000000-7fd208001000 r--s 00000000 fd:00 2221347                    /var/cache/fontconfig/b4d0b56f766d89640448751fcd18ec1e-le64.cache-4
7fd208001000-7fd208009000 rw-s 00000000 00:04 226967                     /drm mm object (deleted)
7fd208009000-7fd20806c000 rw-p 00000000 00:00 0 
7fd20806c000-7fd20818d000 ---p 00000000 00:00 0 
7fd20818d000-7fd208199000 r-xp 00000000 fd:00 16847422                   /usr/lib64/libnss_files-2.17.so
7fd208199000-7fd208398000 ---p 0000c000 fd:00 16847422                   /usr/lib64/libnss_files-2.17.so
7fd208398000-7fd208399000 r--p 0000b000 fd:00 16847422                   /usr/lib64/libnss_files-2.17.so
7fd208399000-7fd20839a000 rw-p 0000c000 fd:00 16847422                   /usr/lib64/libnss_files-2.17.so
7fd20839a000-7fd2083a0000 rw-p 00000000 00:00 0 
7fd2083a0000-7fd2083cd000 r-xp 00000000 fd:00 18366530                   /usr/java/jdk1.8.0_191-amd64/jre/lib/amd64/libjava.so
7fd2083cd000-7fd2085cc000 ---p 0002d000 fd:00 18366530                   /usr/java/jdk1.8.0_191-amd64/jre/lib/amd64/libjava.so
7fd2085cc000-7fd2085cd000 r--p 0002c000 fd:00 18366530                   /usr/java/jdk1.8.0_191-amd64/jre/lib/amd64/libjava.so
7fd2085cd000-7fd2085cf000 rw-p 0002d000 fd:00 18366530                   /usr/java/jdk1.8.0_191-amd64/jre/lib/amd64/libjava.so
7fd2085cf000-7fd2085dc000 r-xp 00000000 fd:00 18296780                   /usr/java/jdk1.8.0_191-amd64/jre/lib/amd64/libverify.so
7fd2085dc000-7fd2087db000 ---p 0000d000 fd:00 18296780                   /usr/java/jdk1.8.0_191-amd64/jre/lib/amd64/libverify.so
7fd2087db000-7fd2087dd000 r--p 0000c000 fd:00 18296780                   /usr/java/jdk1.8.0_191-amd64/jre/lib/amd64/libverify.so
7fd2087dd000-7fd2087de000 rw-p 0000e000 fd:00 18296780                   /usr/java/jdk1.8.0_191-amd64/jre/lib/amd64/libverify.so
7fd2087de000-7fd2087e5000 r-xp 00000000 fd:00 16847434                   /usr/lib64/librt-2.17.so
7fd2087e5000-7fd2089e4000 ---p 00007000 fd:00 16847434                   /usr/lib64/librt-2.17.so
7fd2089e4000-7fd2089e5000 r--p 00006000 fd:00 16847434                   /usr/lib64/librt-2.17.so
7fd2089e5000-7fd2089e6000 rw-p 00007000 fd:00 16847434                   /usr/lib64/librt-2.17.so
7fd2089e6000-7fd208ae7000 r-xp 00000000 fd:00 16847412                   /usr/lib64/libm-2.17.so
7fd208ae7000-7fd208ce6000 ---p 00101000 fd:00 16847412                   /usr/lib64/libm-2.17.so
7fd208ce6000-7fd208ce7000 r--p 00100000 fd:00 16847412                   /usr/lib64/libm-2.17.so
7fd208ce7000-7fd208ce8000 rw-p 00101000 fd:00 16847412                   /usr/lib64/libm-2.17.so
7fd208ce8000-7fd2099ca000 r-xp 00000000 fd:00 50523273                   /usr/java/jdk1.8.0_191-amd64/jre/lib/amd64/server/libjvm.so
7fd2099ca000-7fd209bca000 ---p 00ce2000 fd:00 50523273                   /usr/java/jdk1.8.0_191-amd64/jre/lib/amd64/server/libjvm.so
7fd209bca000-7fd209c60000 r--p 00ce2000 fd:00 50523273                   /usr/java/jdk1.8.0_191-amd64/jre/lib/amd64/server/libjvm.so
7fd209c60000-7fd209c91000 rw-p 00d78000 fd:00 50523273                   /usr/java/jdk1.8.0_191-amd64/jre/lib/amd64/server/libjvm.so
7fd209c91000-7fd209ccc000 rw-p 00000000 00:00 0 
7fd209ccc000-7fd209e8f000 r-xp 00000000 fd:00 16847404                   /usr/lib64/libc-2.17.so
7fd209e8f000-7fd20a08e000 ---p 001c3000 fd:00 16847404                   /usr/lib64/libc-2.17.so
7fd20a08e000-7fd20a092000 r--p 001c2000 fd:00 16847404                   /usr/lib64/libc-2.17.so
7fd20a092000-7fd20a094000 rw-p 001c6000 fd:00 16847404                   /usr/lib64/libc-2.17.so
7fd20a094000-7fd20a099000 rw-p 00000000 00:00 0 
7fd20a099000-7fd20a09b000 r-xp 00000000 fd:00 16847410                   /usr/lib64/libdl-2.17.so
7fd20a09b000-7fd20a29b000 ---p 00002000 fd:00 16847410                   /usr/lib64/libdl-2.17.so
7fd20a29b000-7fd20a29c000 r--p 00002000 fd:00 16847410                   /usr/lib64/libdl-2.17.so
7fd20a29c000-7fd20a29d000 rw-p 00003000 fd:00 16847410                   /usr/lib64/libdl-2.17.so
7fd20a29d000-7fd20a2b4000 r-xp 00000000 fd:00 34601338                   /usr/java/jdk1.8.0_191-amd64/jre/lib/amd64/jli/libjli.so
7fd20a2b4000-7fd20a4b3000 ---p 00017000 fd:00 34601338                   /usr/java/jdk1.8.0_191-amd64/jre/lib/amd64/jli/libjli.so
7fd20a4b3000-7fd20a4b4000 r--p 00016000 fd:00 34601338                   /usr/java/jdk1.8.0_191-amd64/jre/lib/amd64/jli/libjli.so
7fd20a4b4000-7fd20a4b5000 rw-p 00017000 fd:00 34601338                   /usr/java/jdk1.8.0_191-amd64/jre/lib/amd64/jli/libjli.so
7fd20a4b5000-7fd20a4cc000 r-xp 00000000 fd:00 16847430                   /usr/lib64/libpthread-2.17.so
7fd20a4cc000-7fd20a6cb000 ---p 00017000 fd:00 16847430                   /usr/lib64/libpthread-2.17.so
7fd20a6cb000-7fd20a6cc000 r--p 00016000 fd:00 16847430                   /usr/lib64/libpthread-2.17.so
7fd20a6cc000-7fd20a6cd000 rw-p 00017000 fd:00 16847430                   /usr/lib64/libpthread-2.17.so
7fd20a6cd000-7fd20a6d1000 rw-p 00000000 00:00 0 
7fd20a6d1000-7fd20a6f3000 r-xp 00000000 fd:00 16847397                   /usr/lib64/ld-2.17.so
7fd20a6f3000-7fd20a6f5000 r--s 00000000 fd:00 195744                     /var/cache/fontconfig/3640555adad8a8f6978400293cfce7ab-le64.cache-4
7fd20a6f5000-7fd20a6fd000 rw-s 00000000 00:04 229162                     /drm mm object (deleted)
7fd20a6fd000-7fd20a7d5000 rw-p 00000000 00:00 0 
7fd20a7d5000-7fd20a7d9000 ---p 00000000 00:00 0 
7fd20a7d9000-7fd20a8db000 rw-p 00000000 00:00 0 
7fd20a8db000-7fd20a8dc000 rw-p 00000000 00:00 0 
7fd20a8dc000-7fd20a8dd000 rw-s 00000000 00:04 229154                     /drm mm object (deleted)
7fd20a8dd000-7fd20a8e5000 rw-s 00000000 00:04 229152                     /drm mm object (deleted)
7fd20a8e5000-7fd20a8e7000 r--s 00199000 fd:02 34352301                   /home/dina/Desktop/Client/dist/Client.jar
7fd20a8e7000-7fd20a8ef000 rw-s 00000000 fd:00 1790493                    /tmp/hsperfdata_dina/26760
7fd20a8ef000-7fd20a8f0000 rw-p 00000000 00:00 0 
7fd20a8f0000-7fd20a8f1000 r--p 00000000 00:00 0 
7fd20a8f1000-7fd20a8f2000 rw-p 00000000 00:00 0 
7fd20a8f2000-7fd20a8f3000 r--p 00021000 fd:00 16847397                   /usr/lib64/ld-2.17.so
7fd20a8f3000-7fd20a8f4000 rw-p 00022000 fd:00 16847397                   /usr/lib64/ld-2.17.so
7fd20a8f4000-7fd20a8f5000 rw-p 00000000 00:00 0 
7ffd293c7000-7ffd293e8000 rw-p 00000000 00:00 0                          [stack]
7ffd293f8000-7ffd293fa000 r-xp 00000000 00:00 0                          [vdso]
ffffffffff600000-ffffffffff601000 r-xp 00000000 00:00 0                  [vsyscall]

VM Arguments:
jvm_args: -Dfile.encoding=UTF-8 
java_command: client.ClientApp
java_class_path (initial): /home/dina/Desktop/Client/dist/Client.jar:/usr/java/jdk1.8.0_191-amd64/jre/lib/ext/jfxrt.jar:/usr/java/jdk1.8.0_191-amd64/jre/lib/javaws.jar:/usr/java/jdk1.8.0_191-amd64/jre/lib/deploy.jar:/usr/java/jdk1.8.0_191-amd64/jre/lib/plugin.jar:/home/dina/Desktop/Client/build/classes
Launcher Type: SUN_STANDARD

Environment Variables:
PATH=/usr/local/bin:/usr/local/sbin:/usr/bin:/usr/sbin:/bin:/sbin:/home/dina/.local/bin:/home/dina/bin:/home/dina/Desktop:
USERNAME=dina
LD_LIBRARY_PATH=/usr/java/latest/jre/lib/amd64:/usr/java/latest/jre/lib/i386:
SHELL=/bin/bash
DISPLAY=:0

Signal Handlers:
SIGSEGV: [libjvm.so+0xaced60], sa_mask[0]=11111111011111111101111111111110, sa_flags=SA_RESTART|SA_SIGINFO
SIGBUS: [libjvm.so+0xaced60], sa_mask[0]=11111111011111111101111111111110, sa_flags=SA_RESTART|SA_SIGINFO
SIGFPE: [libjvm.so+0x907ca0], sa_mask[0]=11111111011111111101111111111110, sa_flags=SA_RESTART|SA_SIGINFO
SIGPIPE: SIG_IGN, sa_mask[0]=00000000000010000000000000000000, sa_flags=SA_RESTART
SIGXFSZ: [libjvm.so+0x907ca0], sa_mask[0]=11111111011111111101111111111110, sa_flags=SA_RESTART|SA_SIGINFO
SIGILL: [libjvm.so+0x907ca0], sa_mask[0]=11111111011111111101111111111110, sa_flags=SA_RESTART|SA_SIGINFO
SIGUSR1: SIG_DFL, sa_mask[0]=00000000000000000000000000000000, sa_flags=none
SIGUSR2: [libjvm.so+0x907b70], sa_mask[0]=00100000000000000000000000000000, sa_flags=SA_RESTART|SA_SIGINFO
SIGHUP: [libjvm.so+0x908190], sa_mask[0]=11111111011111111101111111111110, sa_flags=SA_RESTART|SA_SIGINFO
SIGINT: SIG_IGN, sa_mask[0]=00000000000000000000000000000000, sa_flags=none
SIGTERM: [libjvm.so+0x908190], sa_mask[0]=11111111011111111101111111111110, sa_flags=SA_RESTART|SA_SIGINFO
SIGQUIT: [libjvm.so+0x908190], sa_mask[0]=11111111011111111101111111111110, sa_flags=SA_RESTART|SA_SIGINFO


---------------  S Y S T E M  ---------------

OS:CentOS Linux release 7.5.1804 (Core) 

uname:Linux 3.10.0-862.el7.x86_64 #1 SMP Fri Apr 20 16:44:24 UTC 2018 x86_64
libc:glibc 2.17 NPTL 2.17 
rlimit: STACK 8192k, CORE 0k, NPROC 4096, NOFILE 4096, AS infinity
load average:1.42 1.52 1.39

/proc/meminfo:
MemTotal:        3788600 kB
MemFree:          111192 kB
MemAvailable:     859388 kB
Buffers:               0 kB
Cached:          1164276 kB
SwapCached:          560 kB
Active:          2174536 kB
Inactive:        1215064 kB
Active(anon):    1713584 kB
Inactive(anon):   753720 kB
Active(file):     460952 kB
Inactive(file):   461344 kB
Unevictable:           0 kB
Mlocked:               0 kB
SwapTotal:       4194300 kB
SwapFree:        4190424 kB
Dirty:               216 kB
Writeback:             0 kB
AnonPages:       2225308 kB
Mapped:           154296 kB
Shmem:            241688 kB
Slab:             127260 kB
SReclaimable:      60316 kB
SUnreclaim:        66944 kB
KernelStack:       12320 kB
PageTables:        52008 kB
NFS_Unstable:          0 kB
Bounce:                0 kB
WritebackTmp:          0 kB
CommitLimit:     6088600 kB
Committed_AS:    7023696 kB
VmallocTotal:   34359738367 kB
VmallocUsed:      548448 kB
VmallocChunk:   34358423548 kB
HardwareCorrupted:     0 kB
AnonHugePages:    466944 kB
CmaTotal:              0 kB
CmaFree:               0 kB
HugePages_Total:       0
HugePages_Free:        0
HugePages_Rsvd:        0
HugePages_Surp:        0
Hugepagesize:       2048 kB
DirectMap4k:      125692 kB
DirectMap2M:     3977216 kB

container (cgroup) information:
container_type: cgroupv1
cpu_cpuset_cpus: 0-3
cpu_memory_nodes: 0
active_processor_count: 4
cpu_quota: -1
cpu_period: 100000
cpu_shares: -1
memory_limit_in_bytes: -1
memory_and_swap_limit_in_bytes: -1
memory_soft_limit_in_bytes: -1
memory_usage_in_bytes: 3471192064
memory_max_usage_in_bytes: 0


CPU:total 4 (initial active 4) (2 cores per cpu, 2 threads per core) family 6 model 42 stepping 7, cmov, cx8, fxsr, mmx, sse, sse2, sse3, ssse3, sse4.1, sse4.2, popcnt, avx, aes, clmul, ht, tsc, tscinvbit

/proc/cpuinfo:
processor	: 0
vendor_id	: GenuineIntel
cpu family	: 6
model		: 42
model name	: Intel(R) Core(TM) i5-2520M CPU @ 2.50GHz
stepping	: 7
microcode	: 0x2e
cpu MHz		: 2999.877
cache size	: 3072 KB
physical id	: 0
siblings	: 4
core id		: 0
cpu cores	: 2
apicid		: 0
initial apicid	: 0
fpu		: yes
fpu_exception	: yes
cpuid level	: 13
wp		: yes
flags		: fpu vme de pse tsc msr pae mce cx8 apic sep mtrr pge mca cmov pat pse36 clflush dts acpi mmx fxsr sse sse2 ss ht tm pbe syscall nx rdtscp lm constant_tsc arch_perfmon pebs bts rep_good nopl xtopology nonstop_tsc aperfmperf eagerfpu pni pclmulqdq dtes64 monitor ds_cpl vmx smx est tm2 ssse3 cx16 xtpr pdcm pcid sse4_1 sse4_2 x2apic popcnt tsc_deadline_timer aes xsave avx lahf_lm epb tpr_shadow vnmi flexpriority ept vpid xsaveopt ibpb ibrs dtherm ida arat pln pts
bogomips	: 4988.27
clflush size	: 64
cache_alignment	: 64
address sizes	: 36 bits physical, 48 bits virtual
power management:

processor	: 1
vendor_id	: GenuineIntel
cpu family	: 6
model		: 42
model name	: Intel(R) Core(TM) i5-2520M CPU @ 2.50GHz
stepping	: 7
microcode	: 0x2e
cpu MHz		: 2999.877
cache size	: 3072 KB
physical id	: 0
siblings	: 4
core id		: 0
cpu cores	: 2
apicid		: 1
initial apicid	: 1
fpu		: yes
fpu_exception	: yes
cpuid level	: 13
wp		: yes
flags		: fpu vme de pse tsc msr pae mce cx8 apic sep mtrr pge mca cmov pat pse36 clflush dts acpi mmx fxsr sse sse2 ss ht tm pbe syscall nx rdtscp lm constant_tsc arch_perfmon pebs bts rep_good nopl xtopology nonstop_tsc aperfmperf eagerfpu pni pclmulqdq dtes64 monitor ds_cpl vmx smx est tm2 ssse3 cx16 xtpr pdcm pcid sse4_1 sse4_2 x2apic popcnt tsc_deadline_timer aes xsave avx lahf_lm epb tpr_shadow vnmi flexpriority ept vpid xsaveopt ibpb ibrs dtherm ida arat pln pts
bogomips	: 4988.27
clflush size	: 64
cache_alignment	: 64
address sizes	: 36 bits physical, 48 bits virtual
power management:

processor	: 2
vendor_id	: GenuineIntel
cpu family	: 6
model		: 42
model name	: Intel(R) Core(TM) i5-2520M CPU @ 2.50GHz
stepping	: 7
microcode	: 0x2e
cpu MHz		: 2999.877
cache size	: 3072 KB
physical id	: 0
siblings	: 4
core id		: 1
cpu cores	: 2
apicid		: 2
initial apicid	: 2
fpu		: yes
fpu_exception	: yes
cpuid level	: 13
wp		: yes
flags		: fpu vme de pse tsc msr pae mce cx8 apic sep mtrr pge mca cmov pat pse36 clflush dts acpi mmx fxsr sse sse2 ss ht tm pbe syscall nx rdtscp lm constant_tsc arch_perfmon pebs bts rep_good nopl xtopology nonstop_tsc aperfmperf eagerfpu pni pclmulqdq dtes64 monitor ds_cpl vmx smx est tm2 ssse3 cx16 xtpr pdcm pcid sse4_1 sse4_2 x2apic popcnt tsc_deadline_timer aes xsave avx lahf_lm epb tpr_shadow vnmi flexpriority ept vpid xsaveopt ibpb ibrs dtherm ida arat pln pts
bogomips	: 4988.27
clflush size	: 64
cache_alignment	: 64
address sizes	: 36 bits physical, 48 bits virtual
power management:

processor	: 3
vendor_id	: GenuineIntel
cpu family	: 6
model		: 42
model name	: Intel(R) Core(TM) i5-2520M CPU @ 2.50GHz
stepping	: 7
microcode	: 0x2e
cpu MHz		: 2999.877
cache size	: 3072 KB
physical id	: 0
siblings	: 4
core id		: 1
cpu cores	: 2
apicid		: 3
initial apicid	: 3
fpu		: yes
fpu_exception	: yes
cpuid level	: 13
wp		: yes
flags		: fpu vme de pse tsc msr pae mce cx8 apic sep mtrr pge mca cmov pat pse36 clflush dts acpi mmx fxsr sse sse2 ss ht tm pbe syscall nx rdtscp lm constant_tsc arch_perfmon pebs bts rep_good nopl xtopology nonstop_tsc aperfmperf eagerfpu pni pclmulqdq dtes64 monitor ds_cpl vmx smx est tm2 ssse3 cx16 xtpr pdcm pcid sse4_1 sse4_2 x2apic popcnt tsc_deadline_timer aes xsave avx lahf_lm epb tpr_shadow vnmi flexpriority ept vpid xsaveopt ibpb ibrs dtherm ida arat pln pts
bogomips	: 4988.27
clflush size	: 64
cache_alignment	: 64
address sizes	: 36 bits physical, 48 bits virtual
power management:



Memory: 4k page, physical 3788600k(111192k free), swap 4194300k(4190424k free)

vm_info: Java HotSpot(TM) 64-Bit Server VM (25.191-b12) for linux-amd64 JRE (1.8.0_191-b12), built on Oct  6 2018 05:43:09 by "java_re" with gcc 7.3.0

time: Tue Feb 19 01:18:56 2019
elapsed time: 10 seconds (0d 0h 0m 10s)

